"../../../../UE_4.22/Projects/Depthplode/Content/Geometry/Meshes/CubeMaterial.uasset" 0
"../../../../UE_4.22/Projects/Depthplode/Content/Geometry/Meshes/1M_Cube_Chamfer.uasset" 1
"../../../../UE_4.22/Projects/Depthplode/Content/Geometry/Meshes/TemplateFloor.uasset" 2
"../../../../UE_4.22/Projects/Depthplode/Content/Mannequin/Character/Mesh/UE4_Mannequin_Skeleton.uasset" 3
"../../../../UE_4.22/Projects/Depthplode/Content/Mannequin/Animations/ThirdPersonJump_End.uasset" 4
"../../../../UE_4.22/Projects/Depthplode/Content/Materials/Background_01.uasset" 5
"../../../../UE_4.22/Projects/Depthplode/Content/Materials/Textures/Color_Noise_01.uasset" 6
"../../../../UE_4.22/Projects/Depthplode/Content/Materials/Color_Noise_01.uasset" 7
"../../../../UE_4.22/Projects/Depthplode/Content/Materials/Pink_01.uasset" 8
"../../../../UE_4.22/Projects/Depthplode/Content/Materials/Textures/BG_01.uasset" 9
"../../../../UE_4.22/Projects/Depthplode/Content/Materials/Textures/BG_01_NM.uasset" 10
"../../../../UE_4.22/Projects/Depthplode/Content/Materials/Tile_01.uasset" 11
"../../../../UE_4.22/Projects/Depthplode/Content/Materials/Tile_01_Inst.uasset" 12
"../../../../UE_4.22/Projects/Depthplode/Content/Materials/Yellow.uasset" 13
"../../../../UE_4.22/Projects/Depthplode/Content/SideScrollerBP/SideScrollerOverview.uasset" 14
"../../../../UE_4.22/Projects/Depthplode/Content/Mannequin/Animations/ThirdPerson_Jump.uasset" 15
"../../../../UE_4.22/Projects/Depthplode/Content/Mannequin/Animations/ThirdPersonJump_Loop.uasset" 16
"../../../../UE_4.22/Projects/Depthplode/Content/Mannequin/Animations/ThirdPersonJump_Start.uasset" 17
"../../../../UE_4.22/Projects/Depthplode/Content/Mannequin/Animations/ThirdPersonIdle.uasset" 18
"../../../../UE_4.22/Projects/Depthplode/Content/Mannequin/Animations/ThirdPersonRun.uasset" 19
"../../../../UE_4.22/Projects/Depthplode/Content/Mannequin/Animations/ThirdPersonWalk.uasset" 20
"../../../../UE_4.22/Projects/Depthplode/Content/Mannequin/Animations/ThirdPerson_IdleRun_2D.uasset" 21
"../../../Engine/Content/EditorBlueprintResources/StandardMacros.uasset" 22
"../../../../UE_4.22/Projects/Depthplode/Content/Mannequin/Animations/ThirdPerson_AnimBP.uasset" 23
"../../../Engine/Content/Functions/Engine_MaterialFunctions02/Utility/BlendAngleCorrectedNormals.uasset" 24
"../../../Engine/Content/Functions/MaterialLayerFunctions/MatLayerBlend_NormalBlend.uasset" 25
"../../../Engine/Content/Functions/MaterialLayerFunctions/MatLayerBlend_Simple.uasset" 26
"../../../../UE_4.22/Projects/Depthplode/Content/Mannequin/Character/Materials/MaterialLayers/T_ML_Rubber_Blue_01_D.uasset" 27
"../../../../UE_4.22/Projects/Depthplode/Content/Mannequin/Character/Materials/MaterialLayers/T_ML_Rubber_Blue_01_N.uasset" 28
"../../../../UE_4.22/Projects/Depthplode/Content/Mannequin/Character/Materials/MaterialLayers/ML_GlossyBlack_Latex_UE4.uasset" 29
"../../../../UE_4.22/Projects/Depthplode/Content/Mannequin/Character/Materials/MaterialLayers/ML_Plastic_Shiny_Beige.uasset" 30
"../../../../UE_4.22/Projects/Depthplode/Content/Mannequin/Character/Textures/UE4_LOGO_CARD.uasset" 31
"../../../../UE_4.22/Projects/Depthplode/Content/Mannequin/Character/Materials/MaterialLayers/ML_Plastic_Shiny_Beige_LOGO.uasset" 32
"../../../../UE_4.22/Projects/Depthplode/Content/Mannequin/Character/Materials/MaterialLayers/T_ML_Aluminum01.uasset" 33
"../../../../UE_4.22/Projects/Depthplode/Content/Mannequin/Character/Materials/MaterialLayers/T_ML_Aluminum01_N.uasset" 34
"../../../../UE_4.22/Projects/Depthplode/Content/Mannequin/Character/Materials/MaterialLayers/ML_SoftMetal_UE4.uasset" 35
"../../../../UE_4.22/Projects/Depthplode/Content/Mannequin/Character/Textures/UE4_Mannequin__normals.uasset" 36
"../../../../UE_4.22/Projects/Depthplode/Content/Mannequin/Character/Textures/UE4_Mannequin_MAT_MASKA.uasset" 37
"../../../../UE_4.22/Projects/Depthplode/Content/Mannequin/Character/Materials/M_UE4Man_Body.uasset" 38
"../../../../UE_4.22/Projects/Depthplode/Content/Mannequin/Character/Textures/UE4Man_Logo_N.uasset" 39
"../../../../UE_4.22/Projects/Depthplode/Content/Mannequin/Character/Materials/M_UE4Man_ChestLogo.uasset" 40
"../../../../UE_4.22/Projects/Depthplode/Content/Mannequin/Character/Mesh/SK_Mannequin_PhysicsAsset.uasset" 41
"../../../../UE_4.22/Projects/Depthplode/Content/Mannequin/Character/Mesh/SK_Mannequin.uasset" 42
"../../../../UE_4.22/Projects/Depthplode/Content/SideScrollerBP/Blueprints/SideScrollerCharacter.uasset" 43
"../../../../UE_4.22/Projects/Depthplode/Content/SideScrollerBP/Blueprints/SideScrollerGameMode.uasset" 44
"../../../../UE_4.22/Projects/Depthplode/Content/SideScrollerBP/Meshes/CubeMaterial.uasset" 45
"../../../../UE_4.22/Projects/Depthplode/Content/SideScrollerBP/Meshes/Ramp_Mesh.uasset" 46
"../../../../UE_4.22/Projects/Depthplode/Content/Sounds/explosion_01.uasset" 47
"../../../Engine/Content/Animation/DefaultAnimCurveCompressionSettings.uasset" 48
"../../../Engine/Content/Functions/Engine_MaterialFunctions01/Opacity/CameraDepthFade.uasset" 49
"../../../Engine/Content/EngineMaterials/T_Default_Material_Grid_M.uasset" 50
"../../../Engine/Content/EngineMaterials/T_Default_Material_Grid_N.uasset" 51
"../../../Engine/Content/EngineMaterials/WorldGridMaterial.uasset" 52
"../../../Engine/Content/ArtTools/RenderToTexture/Meshes/S_1_Unit_Plane.uasset" 53
"../../../Engine/Content/EngineMaterials/DefaultMaterial.uasset" 54
"../../../Engine/Content/BasicShapes/Cone.uasset" 55
"../../../Engine/Content/EditorLandscapeResources/DataLayer.uasset" 56
"../../../Engine/Content/EditorMaterials/GizmoMaterial.uasset" 57
"../../../Engine/Content/EditorMaterials/MAT_Groups_Toggle.uasset" 58
"../../../Engine/Content/EditorMaterials/MAT_Groups_Visibility.uasset" 59
"../../../Engine/Content/EditorMaterials/PreviewShadowIndicator.uasset" 60
"../../../Engine/Content/EditorMaterials/PreviewShadowIndicatorMaterial.uasset" 61
"../../../Engine/Content/EditorMaterials/MatineeGroups/MAT_ColorTrack.uasset" 62
"../../../Engine/Content/EditorMaterials/MatineeGroups/MAT_Groups_Anim.uasset" 63
"../../../Engine/Content/EditorMaterials/MatineeGroups/MAT_Groups_AudioMaster.uasset" 64
"../../../Engine/Content/EditorMaterials/MatineeGroups/MAT_Groups_Director.uasset" 65
"../../../Engine/Content/EditorMaterials/MatineeGroups/MAT_Groups_Event.uasset" 66
"../../../Engine/Content/EditorMaterials/MatineeGroups/MAT_Groups_Fade.uasset" 67
"../../../Engine/Content/EditorMaterials/MatineeGroups/MAT_Groups_Float.uasset" 68
"../../../Engine/Content/EditorMaterials/MatineeGroups/MAT_Groups_Move.uasset" 69
"../../../Engine/Content/EditorMaterials/MatineeGroups/MAT_Groups_Slomo.uasset" 70
"../../../Engine/Content/EditorMaterials/MatineeGroups/MAT_Groups_Sound.uasset" 71
"../../../Engine/Content/EditorMaterials/MatineeGroups/MAT_Groups_Vector.uasset" 72
"../../../Engine/Content/EditorMaterials/ParticleSystems/PSysThumbnail_NoImage.uasset" 73
"../../../Engine/Content/EditorMaterials/ParticleSystems/PSysThumbnail_OOD.uasset" 74
"../../../Engine/Content/EditorMaterials/Camera/CineMat.uasset" 75
"../../../Engine/Content/EditorMaterials/Camera/MI_CineMat_Rig.uasset" 76
"../../../Engine/Content/EditorMeshes/Camera/SM_CraneRig_Arm.uasset" 77
"../../../Engine/Content/EditorMeshes/Camera/SM_CraneRig_Base.uasset" 78
"../../../Engine/Content/EditorMeshes/Camera/SM_CraneRig_Body.uasset" 79
"../../../Engine/Content/EditorMeshes/Camera/SM_CraneRig_Mount.uasset" 80
"../../../Engine/Content/EditorMeshes/Camera/SM_RailRig_Mount.uasset" 81
"../../../Engine/Content/EditorMeshes/Camera/SM_RailRig_Track.uasset" 82
"../../../Engine/Content/EditorResources/BSPVertex.uasset" 83
"../../../Engine/Content/EditorResources/EmptyActor.uasset" 84
"../../../Engine/Content/EditorResources/S_Actor.uasset" 85
"../../../Engine/Content/EditorResources/S_Note.uasset" 86
"../../../Engine/Content/EditorResources/S_Solver.uasset" 87
"../../../Engine/Content/EditorResources/S_Trigger.uasset" 88
"../../../Engine/Content/EditorResources/LightIcons/S_LightError.uasset" 89
"../../../Engine/Content/EditorResources/SequenceRecorder/Countdown.uasset" 90
"../../../Engine/Content/EditorResources/SequenceRecorder/RecordingIndicator.uasset" 91
"../../../Engine/Content/EditorSounds/Notifications/CompileFailed.uasset" 92
"../../../Engine/Content/EditorSounds/Notifications/CompileFailed_Cue.uasset" 93
"../../../Engine/Content/EditorSounds/Notifications/CompileSuccess.uasset" 94
"../../../Engine/Content/EditorSounds/Notifications/CompileStart_Cue.uasset" 95
"../../../Engine/Content/EditorSounds/Notifications/CompileSuccess_Cue.uasset" 96
"../../../Engine/Content/EngineDamageTypes/DmgTypeBP_Environmental.uasset" 97
"../../../Engine/Content/EngineDebugMaterials/HeatmapGradient.uasset" 98
"../../../Engine/Content/EngineDebugMaterials/BoneWeightMaterial.uasset" 99
"../../../Engine/Content/EngineDebugMaterials/ClothMaterial.uasset" 100
"../../../Engine/Content/EngineDebugMaterials/ClothMaterial_WF.uasset" 101
"../../../Engine/Content/EngineDebugMaterials/DebugEditorMaterial.uasset" 102
"../../../Engine/Content/EngineDebugMaterials/DebugMeshMaterial.uasset" 103
"../../../Engine/Content/EngineDebugMaterials/GeomMaterial.uasset" 104
"../../../Engine/Content/EngineDebugMaterials/M_SimpleTranslucent.uasset" 105
"../../../Engine/Content/Functions/Engine_MaterialFunctions02/Utility/CameraDirectionVector.uasset" 106
"../../../Engine/Content/EngineDebugMaterials/VolumeToRender.uasset" 107
"../../../Engine/Content/EngineDebugMaterials/M_VolumeRenderSphereTracePP.uasset" 108
"../../../Engine/Content/EngineDebugMaterials/WireframeMaterial.uasset" 109
"../../../Engine/Content/EngineFonts/Faces/RobotoBold.uasset" 110
"../../../Engine/Content/EngineFonts/Faces/RobotoBoldItalic.uasset" 111
"../../../Engine/Content/EngineFonts/Faces/RobotoItalic.uasset" 112
"../../../Engine/Content/EngineFonts/Faces/RobotoLight.uasset" 113
"../../../Engine/Content/EngineFonts/Faces/RobotoRegular.uasset" 114
"../../../Engine/Content/EngineFonts/Roboto.uasset" 115
"../../../Engine/Content/EngineMaterials/BaseFlattenDiffuseMap.uasset" 116
"../../../Engine/Content/EngineMaterials/BaseFlattenEmissiveMap.uasset" 117
"../../../Engine/Content/EngineMaterials/BaseFlattenGrayscaleMap.uasset" 118
"../../../Engine/Content/EngineMaterials/BaseFlattenNormalMap.uasset" 119
"../../../Engine/Content/EngineMaterials/BaseFlattenMaterial.uasset" 120
"../../../Engine/Content/EngineMaterials/BlueNoise.uasset" 121
"../../../Engine/Content/EngineMaterials/DefaultBloomKernel.uasset" 122
"../../../Engine/Content/EngineMaterials/DefaultBokeh.uasset" 123
"../../../Engine/Content/EngineMaterials/DefaultDiffuse.uasset" 124
"../../../Engine/Content/EngineMaterials/DefaultDeferredDecalMaterial.uasset" 125
"../../../Engine/Content/EngineMaterials/DefaultLightFunctionMaterial.uasset" 126
"../../../Engine/Content/EngineMaterials/DefaultPhysicalMaterial.uasset" 127
"../../../Engine/Content/Functions/Engine_MaterialFunctions02/Utility/BreakOutFloat2Components.uasset" 128
"../../../Engine/Content/EngineMaterials/DefaultPostProcessMaterial.uasset" 129
"../../../Engine/Content/EngineFonts/RobotoDistanceField.uasset" 130
"../../../Engine/Content/EngineMaterials/DefaultTextMaterialOpaque.uasset" 131
"../../../Engine/Content/EngineMaterials/DefaultVirtualTextureMaterial.uasset" 132
"../../../Engine/Content/EngineMaterials/DefaultWhiteGrid.uasset" 133
"../../../Engine/Content/EngineMaterials/EditorBrushMaterial.uasset" 134
"../../../Engine/Content/EngineMaterials/DefaultWhiteGrid_Low.uasset" 135
"../../../Engine/Content/EngineMaterials/EmissiveMeshMaterial.uasset" 136
"../../../Engine/Content/EngineMaterials/Good64x64TilingNoiseHighFreq.uasset" 137
"../../../Engine/Content/EngineMaterials/MiniFont.uasset" 138
"../../../Engine/Content/EngineMaterials/InvalidLightmapSettings.uasset" 139
"../../../Engine/Content/EngineMaterials/M_InvalidLightmapSettings.uasset" 140
"../../../Engine/Content/Functions/Engine_MaterialFunctions02/WorldPositionOffset/CameraOffset.uasset" 141
"../../../Engine/Content/EngineMaterials/PhAT_JointLimitMaterial.uasset" 142
"../../../Engine/Content/EngineMaterials/PreintegratedSkinBRDF.uasset" 143
"../../../Engine/Content/EngineMaterials/RemoveSurfaceMaterial.uasset" 144
"../../../Engine/Content/EngineMaterials/WeightMapPlaceholderTexture.uasset" 145
"../../../Engine/Content/EngineResources/WhiteSquareTexture.uasset" 146
"../../../Engine/Content/EngineMaterials/Widget3DPassThrough.uasset" 147
"../../../Engine/Content/EngineMaterials/Widget3DPassThrough_Masked.uasset" 148
"../../../Engine/Content/EngineMaterials/Widget3DPassThrough_Opaque.uasset" 149
"../../../Engine/Content/EngineMaterials/Widget3DPassThrough_Masked_OneSided.uasset" 150
"../../../Engine/Content/EngineMaterials/Widget3DPassThrough_Opaque_OneSided.uasset" 151
"../../../Engine/Content/EngineMaterials/Widget3DPassThrough_Translucent.uasset" 152
"../../../Engine/Content/EngineMaterials/Widget3DPassThrough_Translucent_OneSided.uasset" 153
"../../../Engine/Content/EngineMeshes/Cylinder.uasset" 154
"../../../Engine/Content/EngineMeshes/Sphere.uasset" 155
"../../../Engine/Content/EngineResources/Black.uasset" 156
"../../../Engine/Content/EngineResources/DefaultTexture.uasset" 157
"../../../Engine/Content/EngineResources/DefaultTextureCube.uasset" 158
"../../../Engine/Content/EngineResources/DefaultVolumeTexture2D.uasset" 159
"../../../Engine/Content/EngineResources/DefaultVolumeTexture.uasset" 160
"../../../Engine/Content/EngineResources/GradientTexture0.uasset" 161
"../../../Engine/Content/EngineSounds/Master.uasset" 162
"../../../Engine/Content/Functions/Engine_MaterialFunctions01/Shading/ConvertFromDiffSpec.uasset" 163
"../../../Engine/Content/Functions/Engine_MaterialFunctions01/Shading/PowerToRoughness.uasset" 164
"../../../Engine/Content/Maps/Templates/Thumbnails/Default.uasset" 165
"../../../Engine/Content/Maps/Templates/Thumbnails/VR-Basic.uasset" 166
"../../../Engine/Content/MobileResources/T_MobileControls_texture.uasset" 167
"../../../Engine/Content/MobileResources/T_MobileMenu2.uasset" 168
"../../../Engine/Content/MobileResources/HUD/AnalogHat.uasset" 169
"../../../Engine/Content/MobileResources/HUD/VirtualJoystick_Background.uasset" 170
"../../../Engine/Content/MobileResources/HUD/VirtualJoystick_Thumb.uasset" 171
"../../../Engine/Content/MobileResources/HUD/DefaultVirtualJoysticks.uasset" 172
"../../../Engine/Content/MobileResources/HUD/LeftVirtualJoystickOnly.uasset" 173
"../../../Engine/Content/MobileResources/HUD/MobileHUDButton1_off.uasset" 174
"../../../Engine/Content/MobileResources/HUD/MobileHUDButton1_on.uasset" 175
"../../../Engine/Content/MobileResources/HUD/MobileHUDButton2_off.uasset" 176
"../../../Engine/Content/MobileResources/HUD/MobileHUDButton2_on.uasset" 177
"../../../Engine/Content/MobileResources/HUD/MobileHUDButton3.uasset" 178
"../../../Engine/Content/MobileResources/HUD/MobileHUDButtonFire.uasset" 179
"../../../Engine/Content/MobileResources/HUD/MobileHUDDirectionPad.uasset" 180
"../../../Engine/Content/MobileResources/HUD/MobileHUDDirectionPad2.uasset" 181
"../../../Engine/Content/MobileResources/HUD/MobileHUDDirectionPad3.uasset" 182
"../../../Engine/Content/MobileResources/HUD/MobileHUDDirectionStick.uasset" 183
"../../../Engine/Content/MobileResources/HUD/T_Castle_ThumbstickInner.uasset" 184
"../../../Engine/Content/MobileResources/HUD/T_Castle_ThumbstickOutter.uasset" 185
"../../../Engine/Content/Tutorial/ContentIntroCurve.uasset" 186
"../../../Engine/Content/Tutorial/Basics/LevelEditorAttract.uasset" 187
"../../../Engine/Content/Tutorial/Basics/TutorialAssets/icon_tab_Levels_40x.uasset" 188
"../../../Engine/Content/Tutorial/Basics/LevelEditorOverview.uasset" 189
"../../../Engine/Content/Tutorial/BlueprintTutorials/TutorialAssets/Blueprint_64x.uasset" 190
"../../../Engine/Content/Tutorial/BlueprintTutorials/BlueprintEditorTutorial.uasset" 191
"../../../Engine/Content/Tutorial/Installation/InstallingVisualStudioTutorial.uasset" 192
"../../../Engine/Content/VREditor/LaserPointer/VR_LaserPower_01.uasset" 193
"../../../Engine/Content/VREditor/TransformGizmo/TransformGizmoMaterial.uasset" 194
"../../../Engine/Content/VREditor/TransformGizmo/TranslucentTransformGizmoMaterial.uasset" 195
"../../../Engine/Content/VREditor/TransformGizmo/BoundingBoxCorner.uasset" 196
"../../../Engine/Content/VREditor/TransformGizmo/BoundingBoxEdge.uasset" 197
"../../../Engine/Content/VREditor/TransformGizmo/PlaneTranslationHandle.uasset" 198
"../../../Engine/Content/VREditor/TransformGizmo/Main.uasset" 199
"../../../Engine/Content/VREditor/TransformGizmo/Xray.uasset" 200
"../../../Engine/Content/VREditor/TransformGizmo/SM_Sequencer_Key.uasset" 201
"../../../Engine/Content/VREditor/TransformGizmo/SM_Sequencer_Node.uasset" 202
"../../Plugins/2D/Paper2D/Content/PlaceholderTextures/DummySpriteTexture.uasset" 203
"../../Plugins/2D/Paper2D/Content/DummySprite.uasset" 204
"../../Plugins/2D/Paper2D/Content/DefaultPaperTerrainMaterial.uasset" 205
"../../Plugins/2D/Paper2D/Content/DummySpriteTexture.uasset" 206
"../../Plugins/2D/Paper2D/Content/DefaultSpriteMaterial.uasset" 207
"../../Plugins/2D/Paper2D/Content/MaskedUnlitSpriteMaterial.uasset" 208
"../../Plugins/2D/Paper2D/Content/OpaqueUnlitSpriteMaterial.uasset" 209
"../../Plugins/Runtime/Oculus/OculusVR/Content/OculusMR_RenderTarget.uasset" 210
"../../../Engine/Content/Functions/Engine_MaterialFunctions02/Utility/BreakOutFloat4Components.uasset" 211
"../../../Engine/Content/Functions/Engine_MaterialFunctions02/Utility/MakeFloat2.uasset" 212
"../../../Engine/Content/Functions/Engine_MaterialFunctions02/Utility/MakeFloat3.uasset" 213
"../../Plugins/Runtime/Oculus/OculusVR/Content/Materials/OculusMR_ChromaKey.uasset" 214
"../../Plugins/Runtime/Oculus/OculusVR/Content/Materials/OculusMR_ChromaKey_Lit.uasset" 215
"../../Plugins/Runtime/Oculus/OculusVR/Content/Materials/OculusMR_OpaqueColoredMaterial.uasset" 216
"../../Plugins/Runtime/Oculus/OculusVR/Content/Materials/OculusMR_WhiteMaterial.uasset" 217
"../../../../UE_4.22/Projects/Depthplode/Content/Blueprints/HS_SG.uasset" 218
"../../../../UE_4.22/Projects/Depthplode/Content/Widgets/Menu.uasset" 219
"../../../../UE_4.22/Projects/Depthplode/Content/Widgets/Score.uasset" 220
"../../../../UE_4.22/Projects/Depthplode/Content/Widgets/Tip.uasset" 221
"../../../../UE_4.22/Projects/Depthplode/Content/Blueprints/PlayerController/Main_PC.uasset" 222
"../../../../UE_4.22/Projects/Depthplode/Content/Sounds/Sound_Object.uasset" 223
"../../../../UE_4.22/Projects/Depthplode/Content/Materials/Black.uasset" 224
"../../../../UE_4.22/Projects/Depthplode/Content/Materials/Green.uasset" 225
"../../../../UE_4.22/Projects/Depthplode/Content/Materials/White.uasset" 226
"../../../Engine/Content/BasicShapes/Cylinder.uasset" 227
"../../../Engine/Content/BasicShapes/Sphere.uasset" 228
"../../../../UE_4.22/Projects/Depthplode/Content/Sounds/fail_01.uasset" 229
"../../../../UE_4.22/Projects/Depthplode/Content/Sounds/jump_01.uasset" 230
"../../../../UE_4.22/Projects/Depthplode/Content/Blueprints/Character/Main_Ch.uasset" 231
"../../../../UE_4.22/Projects/Depthplode/Content/Materials/Textures/Tile_01.uasset" 232
"../../../../UE_4.22/Projects/Depthplode/Content/Materials/Textures/Tile_01_NM.uasset" 233
"../../../../UE_4.22/Projects/Depthplode/Content/Materials/Textures/Tile_02.uasset" 234
"../../../../UE_4.22/Projects/Depthplode/Content/Materials/Textures/Tile_02_NM.uasset" 235
"../../../../UE_4.22/Projects/Depthplode/Content/Materials/Textures/Tile_03.uasset" 236
"../../../../UE_4.22/Projects/Depthplode/Content/Materials/Textures/Tile_03_NM.uasset" 237
"../../../../UE_4.22/Projects/Depthplode/Content/Materials/Textures/Tile_04.uasset" 238
"../../../../UE_4.22/Projects/Depthplode/Content/Materials/Textures/Tile_04_NM.uasset" 239
"../../../../UE_4.22/Projects/Depthplode/Content/Materials/Textures/Tile_05.uasset" 240
"../../../../UE_4.22/Projects/Depthplode/Content/Materials/Textures/Tile_05_NM.uasset" 241
"../../../../UE_4.22/Projects/Depthplode/Content/Materials/Textures/Tile_06.uasset" 242
"../../../../UE_4.22/Projects/Depthplode/Content/Materials/Textures/Tile_06_NM.uasset" 243
"../../../../UE_4.22/Projects/Depthplode/Content/Materials/Textures/Tile_07.uasset" 244
"../../../../UE_4.22/Projects/Depthplode/Content/Materials/Textures/Tile_07_NM.uasset" 245
"../../../../UE_4.22/Projects/Depthplode/Content/Materials/Textures/Tile_08.uasset" 246
"../../../../UE_4.22/Projects/Depthplode/Content/Materials/Textures/Tile_08_NM.uasset" 247
"../../../../UE_4.22/Projects/Depthplode/Content/Materials/Textures/Tile_09.uasset" 248
"../../../../UE_4.22/Projects/Depthplode/Content/Materials/Textures/Tile_09_NM.uasset" 249
"../../../../UE_4.22/Projects/Depthplode/Content/Meshes/Material.uasset" 250
"../../../../UE_4.22/Projects/Depthplode/Content/Meshes/Cube_01.uasset" 251
"../../../../UE_4.22/Projects/Depthplode/Content/Sounds/hit_01.uasset" 252
"../../../../UE_4.22/Projects/Depthplode/Content/Objects/Cube.uasset" 253
"../../../../UE_4.22/Projects/Depthplode/Content/Blueprints/Gamemode/Main_GM.uasset" 254
"../../../../UE_4.22/Projects/Depthplode/Content/Blueprints/Character/CameraMan.uasset" 255
"../../../../UE_4.22/Projects/Depthplode/Content/Materials/Orange_01.uasset" 256
"../../../../UE_4.22/Projects/Depthplode/Content/Meshes/Material_002.uasset" 257
"../../../../UE_4.22/Projects/Depthplode/Content/Meshes/Material_001.uasset" 258
"../../../../UE_4.22/Projects/Depthplode/Content/Meshes/Material_003.uasset" 259
"../../../../UE_4.22/Projects/Depthplode/Content/Meshes/Bomb_01.uasset" 260
"../../../../UE_4.22/Projects/Depthplode/Content/Sounds/alert_01.uasset" 261
"../../../../UE_4.22/Projects/Depthplode/Content/Sounds/explosion_04.uasset" 262
"../../../../UE_4.22/Projects/Depthplode/Content/Sounds/hit_02.uasset" 263
"../../../../UE_4.22/Projects/Depthplode/Content/Objects/Bomb.uasset" 264
"../../../../UE_4.22/Projects/Depthplode/Content/Meshes/Material_004.uasset" 265
"../../../../UE_4.22/Projects/Depthplode/Content/Meshes/Material_005.uasset" 266
"../../../../UE_4.22/Projects/Depthplode/Content/Meshes/Missile_01.uasset" 267
"../../../../UE_4.22/Projects/Depthplode/Content/Sounds/explosion_02.uasset" 268
"../../../../UE_4.22/Projects/Depthplode/Content/Objects/Missile.uasset" 269
"../../../../UE_4.22/Projects/Depthplode/Content/Materials/Orange.uasset" 270
"../../../../UE_4.22/Projects/Depthplode/Content/Materials/Yellow_02.uasset" 271
"../../../../UE_4.22/Projects/Depthplode/Content/Meshes/Material_006.uasset" 272
"../../../../UE_4.22/Projects/Depthplode/Content/Meshes/nuke_01.uasset" 273
"../../../../UE_4.22/Projects/Depthplode/Content/Sounds/alert_02.uasset" 274
"../../../../UE_4.22/Projects/Depthplode/Content/Sounds/explosion_05.uasset" 275
"../../../../UE_4.22/Projects/Depthplode/Content/Objects/Nuke.uasset" 276
"../../../../UE_4.22/Projects/Depthplode/Content/Sounds/explosion_03.uasset" 277
"../../../../UE_4.22/Projects/Depthplode/Content/Sounds/switch_01.uasset" 278
"../../../../UE_4.22/Projects/Depthplode/Content/Objects/Seeker.uasset" 279
"../../../../UE_4.22/Projects/Depthplode/Content/Maps/Main_M_BuiltData.uasset" 280
"../../../Engine/Content/BasicShapes/BasicShapeMaterial.uasset" 281
"../../../../UE_4.22/Projects/Depthplode/Content/Materials/BG_01.uasset" 282
"../../../../UE_4.22/Projects/Depthplode/Content/Materials/BG_01_Inst.uasset" 283
"../../../Engine/Content/BasicShapes/Cube.uasset" 284
"../../../Engine/Content/BasicShapes/Plane.uasset" 285
"../../../../UE_4.22/Projects/Depthplode/Content/Maps/Main_M.umap" 286
"../../../Engine/Content/EngineSky/C_Sky_Cloud_Color.uasset" 287
"../../../Engine/Content/EngineSky/C_Sky_Horizon_Color.uasset" 288
"../../../Engine/Content/EngineSky/C_Sky_Zenith_Color.uasset" 289
"../../../Engine/Content/EngineSky/T_Sky_Blue.uasset" 290
"../../../Engine/Content/EngineSky/T_Sky_Clouds_M.uasset" 291
"../../../Engine/Content/EngineSky/T_Sky_Stars.uasset" 292
"../../../Engine/Content/EngineSky/M_Sky_Panning_Clouds2.uasset" 293
"../../../Engine/Content/EngineSky/SM_SkySphere.uasset" 294
"../../../Engine/Content/EngineSky/BP_Sky_Sphere.uasset" 295
"../../../../UE_4.22/Projects/Depthplode/Content/SideScrollerBP/Maps/SideScrollerExampleMap_BuiltData.uasset" 296
"../../../../UE_4.22/Projects/Depthplode/Content/Geometry/Meshes/1M_Cube.uasset" 297
"../../../../UE_4.22/Projects/Depthplode/Content/SideScrollerBP/Maps/SideScrollerExampleMap.umap" 298
"../../../Engine/Content/Maps/Entry_BuiltData.uasset" 299
"../../../Engine/Content/Maps/Entry.umap" 300
