Log file open, 04/25/21 19:36:44
LogWindows: Failed to load 'aqProf.dll' (GetLastError=126)
LogWindows: File 'aqProf.dll' does not exist
LogWindows: Failed to load 'VtuneApi.dll' (GetLastError=126)
LogWindows: File 'VtuneApi.dll' does not exist
LogWindows: Failed to load 'VtuneApi32e.dll' (GetLastError=126)
LogWindows: File 'VtuneApi32e.dll' does not exist
LogConsoleResponse: Display: Failed to find resolution value strings in scalability ini. Falling back to default.
LogInit: Display: Running engine for game: Depthplode
LogPlatformFile: Not using cached read wrapper
LogTaskGraph: Started task graph with 5 named threads and 35 total threads with 3 sets of task threads.
LogStats: Stats thread started at 0.087494
LogD3D11RHI: Loaded GFSDK_Aftermath_Lib.x64.dll
LogICUInternationalization: ICU TimeZone Detection - Raw Offset: +1:00, Platform Override: ''
LogPluginManager: Mounting plugin Paper2D
LogPluginManager: Mounting plugin AISupport
LogPluginManager: Mounting plugin LightPropagationVolume
LogPluginManager: Mounting plugin ActorLayerUtilities
LogPluginManager: Mounting plugin AnimationSharing
LogPluginManager: Mounting plugin CLionSourceCodeAccess
LogPluginManager: Mounting plugin CodeLiteSourceCodeAccess
LogPluginManager: Mounting plugin GitSourceControl
LogPluginManager: Mounting plugin KDevelopSourceCodeAccess
LogPluginManager: Mounting plugin NullSourceCodeAccess
LogPluginManager: Mounting plugin PerforceSourceControl
LogPluginManager: Mounting plugin SubversionSourceControl
LogPluginManager: Mounting plugin UObjectPlugin
LogPluginManager: Mounting plugin VisualStudioCodeSourceCodeAccess
LogPluginManager: Mounting plugin VisualStudioSourceCodeAccess
LogPluginManager: Mounting plugin XCodeSourceCodeAccess
LogPluginManager: Mounting plugin AssetManagerEditor
LogPluginManager: Mounting plugin CryptoKeys
LogPluginManager: Mounting plugin CurveEditorTools
LogPluginManager: Mounting plugin DataValidation
LogPluginManager: Mounting plugin FacialAnimation
LogPluginManager: Mounting plugin GameplayTagsEditor
LogPluginManager: Mounting plugin MacGraphicsSwitching
LogPluginManager: Mounting plugin MaterialAnalyzer
LogPluginManager: Mounting plugin MobileLauncherProfileWizard
LogPluginManager: Mounting plugin PluginBrowser
LogPluginManager: Mounting plugin SpeedTreeImporter
LogPluginManager: Mounting plugin DatasmithContent
LogPluginManager: Mounting plugin VariantManagerContent
LogPluginManager: Mounting plugin AlembicImporter
LogPluginManager: Mounting plugin AutomationUtils
LogPluginManager: Mounting plugin BackChannel
LogPluginManager: Mounting plugin CharacterAI
LogPluginManager: Mounting plugin GeometryCache
LogPluginManager: Mounting plugin HTML5Networking
LogPluginManager: Mounting plugin PlatformCrypto
LogPluginManager: Mounting plugin ProxyLODPlugin
LogPluginManager: Mounting plugin SkeletalReduction
LogPluginManager: Mounting plugin MagicLeap
LogPluginManager: Mounting plugin MagicLeapMedia
LogPluginManager: Mounting plugin AndroidMedia
LogPluginManager: Mounting plugin AvfMedia
LogPluginManager: Mounting plugin ImgMedia
LogPluginManager: Mounting plugin MediaCompositing
LogPluginManager: Mounting plugin MediaPlayerEditor
LogPluginManager: Mounting plugin WebMMedia
LogPluginManager: Mounting plugin WmfMedia
LogPluginManager: Mounting plugin TcpMessaging
LogPluginManager: Mounting plugin UdpMessaging
LogPluginManager: Mounting plugin ActorSequence
LogPluginManager: Mounting plugin LevelSequenceEditor
LogPluginManager: Mounting plugin MatineeToLevelSequence
LogPluginManager: Mounting plugin NetcodeUnitTest
LogPluginManager: Mounting plugin NUTUnrealEngine4
LogPluginManager: Mounting plugin OnlineSubsystemGooglePlay
LogPluginManager: Mounting plugin OnlineSubsystemIOS
LogPluginManager: Mounting plugin OnlineSubsystem
LogPluginManager: Mounting plugin OnlineSubsystemNull
LogPluginManager: Mounting plugin OnlineSubsystemUtils
LogPluginManager: Mounting plugin LauncherChunkInstaller
LogPluginManager: Mounting plugin AndroidDeviceProfileSelector
LogPluginManager: Mounting plugin AndroidMoviePlayer
LogPluginManager: Mounting plugin AndroidPermission
LogPluginManager: Mounting plugin AppleImageUtils
LogPluginManager: Mounting plugin AppleMoviePlayer
LogPluginManager: Mounting plugin ArchVisCharacter
LogPluginManager: Mounting plugin AudioCapture
LogPluginManager: Mounting plugin CableComponent
LogPluginManager: Mounting plugin CustomMeshComponent
LogPluginManager: Mounting plugin EditableMesh
LogPluginManager: Mounting plugin ExampleDeviceProfileSelector
LogPluginManager: Mounting plugin GoogleCloudMessaging
LogPluginManager: Mounting plugin IOSDeviceProfileSelector
LogPluginManager: Mounting plugin LinuxDeviceProfileSelector
LogPluginManager: Mounting plugin LocationServicesBPLibrary
LogPluginManager: Mounting plugin MobilePatchingUtils
LogPluginManager: Mounting plugin PhysXVehicles
LogPluginManager: Mounting plugin ProceduralMeshComponent
LogPluginManager: Mounting plugin RuntimePhysXCooking
LogPluginManager: Mounting plugin SignificanceManager
LogPluginManager: Mounting plugin WebMMoviePlayer
LogPluginManager: Mounting plugin WindowsMoviePlayer
LogPluginManager: Mounting plugin ScreenshotTools
LogInit: Using libcurl 7.55.1-DEV
LogInit:  - built for x86_64-pc-win32
LogInit:  - supports SSL with OpenSSL/1.1.1
LogInit:  - supports HTTP deflate (compression) using libz 1.2.8
LogInit:  - other features:
LogInit:      CURL_VERSION_SSL
LogInit:      CURL_VERSION_LIBZ
LogInit:      CURL_VERSION_IPV6
LogInit:      CURL_VERSION_ASYNCHDNS
LogInit:      CURL_VERSION_LARGEFILE
LogInit:      CURL_VERSION_IDN
LogInit:  CurlRequestOptions (configurable via config and command line):
LogInit:  - bVerifyPeer = true  - Libcurl will verify peer certificate
LogInit:  - bUseHttpProxy = false  - Libcurl will NOT use HTTP proxy
LogInit:  - bDontReuseConnections = false  - Libcurl will reuse connections
LogInit:  - MaxHostConnections = 16  - Libcurl will limit the number of connections to a host
LogInit:  - LocalHostAddr = Default
LogInit:  - BufferSize = 65536
LogOnline: OSS: Creating online subsystem instance for: NULL
LogInit: WinSock: version 1.1 (2.2), MaxSocks=32767, MaxUdp=65467
LogInit: Build: ++UE4+Release-4.23-CL-9631420
LogInit: Engine Version: 4.23.1-9631420+++UE4+Release-4.23
LogInit: Compatible Engine Version: 4.23.0-8386587+++UE4+Release-4.23
LogInit: Net CL: 8386587
LogInit: OS: Windows 10 (Release 2004) (), CPU: AMD Ryzen 5 2600 Six-Core Processor            , GPU: NVIDIA GeForce RTX 2080
LogInit: Compiled (64-bit): Oct 18 2019 02:07:44
LogInit: Compiled with Visual C++: 19.16.27030.01
LogInit: Build Configuration: Development
LogInit: Branch Name: ++UE4+Release-4.23
LogInit: Command Line:  /Game/Maps/Main_M -game -PIEVIACONSOLE -ResX=1280 -ResY=720 -Multiprocess -messaging -SessionName="Play in Standalone Game" -windowed
LogInit: Base Directory: C:/Program Files/Epic Games/UE_4.23/Engine/Binaries/Win64/
LogInit: Installed Engine Build: 1
LogDevObjectVersion: Number of dev versions registered: 23
LogDevObjectVersion:   Dev-Blueprints (B0D832E4-1F89-4F0D-ACCF-7EB736FD4AA2): 10
LogDevObjectVersion:   Dev-Build (E1C64328-A22C-4D53-A36C-8E866417BD8C): 0
LogDevObjectVersion:   Dev-Core (375EC13C-06E4-48FB-B500-84F0262A717E): 3
LogDevObjectVersion:   Dev-Editor (E4B068ED-F494-42E9-A231-DA0B2E46BB41): 34
LogDevObjectVersion:   Dev-Framework (CFFC743F-43B0-4480-9391-14DF171D2073): 35
LogDevObjectVersion:   Dev-Mobile (B02B49B5-BB20-44E9-A304-32B752E40360): 2
LogDevObjectVersion:   Dev-Networking (A4E4105C-59A1-49B5-A7C5-40C4547EDFEE): 0
LogDevObjectVersion:   Dev-Online (39C831C9-5AE6-47DC-9A44-9C173E1C8E7C): 0
LogDevObjectVersion:   Dev-Physics (78F01B33-EBEA-4F98-B9B4-84EACCB95AA2): 0
LogDevObjectVersion:   Dev-Platform (6631380F-2D4D-43E0-8009-CF276956A95A): 0
LogDevObjectVersion:   Dev-Rendering (12F88B9F-8875-4AFC-A67C-D90C383ABD29): 31
LogDevObjectVersion:   Dev-Sequencer (7B5AE74C-D270-4C10-A958-57980B212A5A): 11
LogDevObjectVersion:   Dev-VR (D7296918-1DD6-4BDD-9DE2-64A83CC13884): 2
LogDevObjectVersion:   Dev-LoadTimes (C2A15278-BFE7-4AFE-6C17-90FF531DF755): 1
LogDevObjectVersion:   Private-Geometry (6EACA3D4-40EC-4CC1-B786-8BED09428FC5): 3
LogDevObjectVersion:   Dev-AnimPhys (29E575DD-E0A3-4627-9D10-D276232CDCEA): 17
LogDevObjectVersion:   Dev-Anim (AF43A65D-7FD3-4947-9873-3E8ED9C1BB05): 2
LogDevObjectVersion:   Dev-ReflectionCapture (6B266CEC-1EC7-4B8F-A30B-E4D90942FC07): 1
LogDevObjectVersion:   Dev-Automation (0DF73D61-A23F-47EA-B727-89E90C41499A): 1
LogDevObjectVersion:   FortniteMain (601D1886-AC64-4F84-AA16-D3DE0DEAC7D6): 27
LogDevObjectVersion:   Dev-Enterprise (9DFFBCD6-494F-0158-E221-12823C92A888): 6
LogDevObjectVersion:   Dev-Niagara (F2AED0AC-9AFE-416F-8664-AA7FFA26D6FC): 1
LogDevObjectVersion:   Dev-Destruction (174F1F0B-B4C6-45A5-B13F-2EE8D0FB917D): 9
LogInit: Presizing for max 16777216 objects, including 0 objects not considered by GC, pre-allocating 0 bytes for permanent pool.
LogInit: Object subsystem initialized
LogConfig: Setting CVar [[con.DebugEarlyDefault:1]]
LogConfig: Setting CVar [[r.setres:1280x720]]
[2021.04.25-17.36.44:808][  0]LogConfig: Setting CVar [[con.DebugEarlyDefault:1]]
[2021.04.25-17.36.44:808][  0]LogConfig: Setting CVar [[r.setres:1280x720]]
[2021.04.25-17.36.44:808][  0]LogConfig: Applying CVar settings from Section [/Script/Engine.RendererSettings] File [C:/Program Files/Epic Games/UE_4.22/Projects/Depthplode/Saved/Config/Windows/Engine.ini]
[2021.04.25-17.36.44:808][  0]LogConfig: Setting CVar [[r.GPUCrashDebugging:0]]
[2021.04.25-17.36.44:808][  0]LogConfig: Applying CVar settings from Section [/Script/Engine.RendererOverrideSettings] File [C:/Program Files/Epic Games/UE_4.22/Projects/Depthplode/Saved/Config/Windows/Engine.ini]
[2021.04.25-17.36.44:808][  0]LogConfig: Applying CVar settings from Section [/Script/Engine.StreamingSettings] File [C:/Program Files/Epic Games/UE_4.22/Projects/Depthplode/Saved/Config/Windows/Engine.ini]
[2021.04.25-17.36.44:808][  0]LogConfig: Setting CVar [[s.MinBulkDataSizeForAsyncLoading:131072]]
[2021.04.25-17.36.44:808][  0]LogConfig: Setting CVar [[s.AsyncLoadingThreadEnabled:0]]
[2021.04.25-17.36.44:808][  0]LogConfig: Setting CVar [[s.EventDrivenLoaderEnabled:1]]
[2021.04.25-17.36.44:808][  0]LogConfig: Setting CVar [[s.WarnIfTimeLimitExceeded:0]]
[2021.04.25-17.36.44:808][  0]LogConfig: Setting CVar [[s.TimeLimitExceededMultiplier:1.5]]
[2021.04.25-17.36.44:808][  0]LogConfig: Setting CVar [[s.TimeLimitExceededMinTime:0.005]]
[2021.04.25-17.36.44:808][  0]LogConfig: Setting CVar [[s.UseBackgroundLevelStreaming:1]]
[2021.04.25-17.36.44:808][  0]LogConfig: Setting CVar [[s.PriorityAsyncLoadingExtraTime:15.0]]
[2021.04.25-17.36.44:808][  0]LogConfig: Setting CVar [[s.LevelStreamingActorsUpdateTimeLimit:5.0]]
[2021.04.25-17.36.44:808][  0]LogConfig: Setting CVar [[s.PriorityLevelStreamingActorsUpdateExtraTime:5.0]]
[2021.04.25-17.36.44:808][  0]LogConfig: Setting CVar [[s.LevelStreamingComponentsRegistrationGranularity:10]]
[2021.04.25-17.36.44:808][  0]LogConfig: Setting CVar [[s.UnregisterComponentsTimeLimit:1.0]]
[2021.04.25-17.36.44:808][  0]LogConfig: Setting CVar [[s.LevelStreamingComponentsUnregistrationGranularity:5]]
[2021.04.25-17.36.44:808][  0]LogConfig: Applying CVar settings from Section [/Script/Engine.GarbageCollectionSettings] File [C:/Program Files/Epic Games/UE_4.22/Projects/Depthplode/Saved/Config/Windows/Engine.ini]
[2021.04.25-17.36.44:808][  0]LogConfig: Setting CVar [[gc.MaxObjectsNotConsideredByGC:1]]
[2021.04.25-17.36.44:808][  0]LogConfig: Setting CVar [[gc.SizeOfPermanentObjectPool:0]]
[2021.04.25-17.36.44:808][  0]LogConfig: Setting CVar [[gc.FlushStreamingOnGC:0]]
[2021.04.25-17.36.44:808][  0]LogConfig: Setting CVar [[gc.NumRetriesBeforeForcingGC:10]]
[2021.04.25-17.36.44:808][  0]LogConfig: Setting CVar [[gc.AllowParallelGC:1]]
[2021.04.25-17.36.44:808][  0]LogConfig: Setting CVar [[gc.TimeBetweenPurgingPendingKillObjects:61.1]]
[2021.04.25-17.36.44:808][  0]LogConfig: Setting CVar [[gc.MaxObjectsInEditor:16777216]]
[2021.04.25-17.36.44:808][  0]LogConfig: Setting CVar [[gc.IncrementalBeginDestroyEnabled:1]]
[2021.04.25-17.36.44:808][  0]LogConfig: Setting CVar [[gc.CreateGCClusters:1]]
[2021.04.25-17.36.44:808][  0]LogConfig: Setting CVar [[gc.MinGCClusterSize:5]]
[2021.04.25-17.36.44:808][  0]LogConfig: Setting CVar [[gc.ActorClusteringEnabled:0]]
[2021.04.25-17.36.44:808][  0]LogConfig: Setting CVar [[gc.BlueprintClusteringEnabled:0]]
[2021.04.25-17.36.44:808][  0]LogConfig: Setting CVar [[gc.UseDisregardForGCOnDedicatedServers:0]]
[2021.04.25-17.36.44:808][  0]LogConfig: Applying CVar settings from Section [/Script/Engine.NetworkSettings] File [C:/Program Files/Epic Games/UE_4.22/Projects/Depthplode/Saved/Config/Windows/Engine.ini]
[2021.04.25-17.36.44:808][  0]LogConfig: Applying CVar settings from Section [/Script/UnrealEd.CookerSettings] File [C:/Program Files/Epic Games/UE_4.22/Projects/Depthplode/Saved/Config/Windows/Engine.ini]
[2021.04.25-17.36.44:813][  0]LogConfig: Applying CVar settings from Section [ViewDistanceQuality@3] File [C:/Program Files/Epic Games/UE_4.22/Projects/Depthplode/Saved/Config/Windows/Scalability.ini]
[2021.04.25-17.36.44:813][  0]LogConfig: Setting CVar [[r.SkeletalMeshLODBias:0]]
[2021.04.25-17.36.44:813][  0]LogConfig: Setting CVar [[r.ViewDistanceScale:1.0]]
[2021.04.25-17.36.44:813][  0]LogConfig: Applying CVar settings from Section [AntiAliasingQuality@3] File [C:/Program Files/Epic Games/UE_4.22/Projects/Depthplode/Saved/Config/Windows/Scalability.ini]
[2021.04.25-17.36.44:813][  0]LogConfig: Setting CVar [[r.PostProcessAAQuality:4]]
[2021.04.25-17.36.44:813][  0]LogConfig: Applying CVar settings from Section [ShadowQuality@3] File [C:/Program Files/Epic Games/UE_4.22/Projects/Depthplode/Saved/Config/Windows/Scalability.ini]
[2021.04.25-17.36.44:813][  0]LogConfig: Setting CVar [[r.LightFunctionQuality:1]]
[2021.04.25-17.36.44:813][  0]LogConfig: Setting CVar [[r.ShadowQuality:5]]
[2021.04.25-17.36.44:813][  0]LogConfig: Setting CVar [[r.Shadow.CSM.MaxCascades:10]]
[2021.04.25-17.36.44:813][  0]LogConfig: Setting CVar [[r.Shadow.MaxResolution:2048]]
[2021.04.25-17.36.44:813][  0]LogConfig: Setting CVar [[r.Shadow.MaxCSMResolution:2048]]
[2021.04.25-17.36.44:813][  0]LogConfig: Setting CVar [[r.Shadow.RadiusThreshold:0.01]]
[2021.04.25-17.36.44:813][  0]LogConfig: Setting CVar [[r.Shadow.DistanceScale:1.0]]
[2021.04.25-17.36.44:813][  0]LogConfig: Setting CVar [[r.Shadow.CSM.TransitionScale:1.0]]
[2021.04.25-17.36.44:813][  0]LogConfig: Setting CVar [[r.Shadow.PreShadowResolutionFactor:1.0]]
[2021.04.25-17.36.44:813][  0]LogConfig: Setting CVar [[r.DistanceFieldShadowing:1]]
[2021.04.25-17.36.44:813][  0]LogConfig: Setting CVar [[r.DistanceFieldAO:1]]
[2021.04.25-17.36.44:813][  0]LogConfig: Setting CVar [[r.AOQuality:2]]
[2021.04.25-17.36.44:813][  0]LogConfig: Setting CVar [[r.VolumetricFog:1]]
[2021.04.25-17.36.44:813][  0]LogConfig: Setting CVar [[r.VolumetricFog.GridPixelSize:8]]
[2021.04.25-17.36.44:813][  0]LogConfig: Setting CVar [[r.VolumetricFog.GridSizeZ:128]]
[2021.04.25-17.36.44:813][  0]LogConfig: Setting CVar [[r.VolumetricFog.HistoryMissSupersampleCount:4]]
[2021.04.25-17.36.44:813][  0]LogConfig: Setting CVar [[r.LightMaxDrawDistanceScale:1]]
[2021.04.25-17.36.44:813][  0]LogConfig: Setting CVar [[r.CapsuleShadows:1]]
[2021.04.25-17.36.44:813][  0]LogConfig: Applying CVar settings from Section [PostProcessQuality@3] File [C:/Program Files/Epic Games/UE_4.22/Projects/Depthplode/Saved/Config/Windows/Scalability.ini]
[2021.04.25-17.36.44:813][  0]LogConfig: Setting CVar [[r.MotionBlurQuality:4]]
[2021.04.25-17.36.44:813][  0]LogConfig: Setting CVar [[r.AmbientOcclusionMipLevelFactor:0.4]]
[2021.04.25-17.36.44:813][  0]LogConfig: Setting CVar [[r.AmbientOcclusionMaxQuality:100]]
[2021.04.25-17.36.44:813][  0]LogConfig: Setting CVar [[r.AmbientOcclusionLevels:-1]]
[2021.04.25-17.36.44:813][  0]LogConfig: Setting CVar [[r.AmbientOcclusionRadiusScale:1.0]]
[2021.04.25-17.36.44:813][  0]LogConfig: Setting CVar [[r.DepthOfFieldQuality:2]]
[2021.04.25-17.36.44:813][  0]LogConfig: Setting CVar [[r.RenderTargetPoolMin:400]]
[2021.04.25-17.36.44:813][  0]LogConfig: Setting CVar [[r.LensFlareQuality:2]]
[2021.04.25-17.36.44:813][  0]LogConfig: Setting CVar [[r.SceneColorFringeQuality:1]]
[2021.04.25-17.36.44:813][  0]LogConfig: Setting CVar [[r.EyeAdaptationQuality:2]]
[2021.04.25-17.36.44:813][  0]LogConfig: Setting CVar [[r.BloomQuality:5]]
[2021.04.25-17.36.44:813][  0]LogConfig: Setting CVar [[r.FastBlurThreshold:100]]
[2021.04.25-17.36.44:813][  0]LogConfig: Setting CVar [[r.Upscale.Quality:3]]
[2021.04.25-17.36.44:813][  0]LogConfig: Setting CVar [[r.Tonemapper.GrainQuantization:1]]
[2021.04.25-17.36.44:813][  0]LogConfig: Setting CVar [[r.LightShaftQuality:1]]
[2021.04.25-17.36.44:813][  0]LogConfig: Setting CVar [[r.Filter.SizeScale:1]]
[2021.04.25-17.36.44:813][  0]LogConfig: Setting CVar [[r.Tonemapper.Quality:5]]
[2021.04.25-17.36.44:813][  0]LogConfig: Setting CVar [[r.DOF.Gather.AccumulatorQuality:1        ; higher gathering accumulator quality]]
[2021.04.25-17.36.44:814][  0]LogConfig: Setting CVar [[r.DOF.Gather.PostfilterMethod:1          ; Median3x3 postfilering method]]
[2021.04.25-17.36.44:814][  0]LogConfig: Setting CVar [[r.DOF.Gather.EnableBokehSettings:0       ; no bokeh simulation when gathering]]
[2021.04.25-17.36.44:814][  0]LogConfig: Setting CVar [[r.DOF.Gather.RingCount:4                 ; medium number of samples when gathering]]
[2021.04.25-17.36.44:814][  0]LogConfig: Setting CVar [[r.DOF.Scatter.ForegroundCompositing:1    ; additive foreground scattering]]
[2021.04.25-17.36.44:814][  0]LogConfig: Setting CVar [[r.DOF.Scatter.BackgroundCompositing:2    ; additive background scattering]]
[2021.04.25-17.36.44:814][  0]LogConfig: Setting CVar [[r.DOF.Scatter.EnableBokehSettings:1      ; bokeh simulation when scattering]]
[2021.04.25-17.36.44:814][  0]LogConfig: Setting CVar [[r.DOF.Scatter.MaxSpriteRatio:0.1         ; only a maximum of 10% of scattered bokeh]]
[2021.04.25-17.36.44:814][  0]LogConfig: Setting CVar [[r.DOF.Recombine.Quality:1                ; cheap slight out of focus]]
[2021.04.25-17.36.44:814][  0]LogConfig: Setting CVar [[r.DOF.Recombine.EnableBokehSettings:0    ; no bokeh simulation on slight out of focus]]
[2021.04.25-17.36.44:814][  0]LogConfig: Setting CVar [[r.DOF.TemporalAAQuality:1                ; more stable temporal accumulation]]
[2021.04.25-17.36.44:814][  0]LogConfig: Setting CVar [[r.DOF.Kernel.MaxForegroundRadius:0.025]]
[2021.04.25-17.36.44:814][  0]LogConfig: Setting CVar [[r.DOF.Kernel.MaxBackgroundRadius:0.025]]
[2021.04.25-17.36.44:814][  0]LogConfig: Applying CVar settings from Section [TextureQuality@3] File [C:/Program Files/Epic Games/UE_4.22/Projects/Depthplode/Saved/Config/Windows/Scalability.ini]
[2021.04.25-17.36.44:814][  0]LogConfig: Setting CVar [[r.Streaming.MipBias:0]]
[2021.04.25-17.36.44:814][  0]LogConfig: Setting CVar [[r.Streaming.AmortizeCPUToGPUCopy:0]]
[2021.04.25-17.36.44:814][  0]LogConfig: Setting CVar [[r.Streaming.MaxNumTexturesToStreamPerFrame:0]]
[2021.04.25-17.36.44:814][  0]LogConfig: Setting CVar [[r.Streaming.Boost:1]]
[2021.04.25-17.36.44:814][  0]LogConfig: Setting CVar [[r.MaxAnisotropy:8]]
[2021.04.25-17.36.44:814][  0]LogConfig: Setting CVar [[r.Streaming.LimitPoolSizeToVRAM:0]]
[2021.04.25-17.36.44:814][  0]LogConfig: Setting CVar [[r.Streaming.PoolSize:1000]]
[2021.04.25-17.36.44:814][  0]LogConfig: Setting CVar [[r.Streaming.MaxEffectiveScreenSize:0]]
[2021.04.25-17.36.44:814][  0]LogConfig: Applying CVar settings from Section [EffectsQuality@3] File [C:/Program Files/Epic Games/UE_4.22/Projects/Depthplode/Saved/Config/Windows/Scalability.ini]
[2021.04.25-17.36.44:814][  0]LogConfig: Setting CVar [[r.TranslucencyLightingVolumeDim:64]]
[2021.04.25-17.36.44:814][  0]LogConfig: Setting CVar [[r.RefractionQuality:2]]
[2021.04.25-17.36.44:814][  0]LogConfig: Setting CVar [[r.SSR.Quality:3]]
[2021.04.25-17.36.44:814][  0]LogConfig: Setting CVar [[r.SceneColorFormat:4]]
[2021.04.25-17.36.44:814][  0]LogConfig: Setting CVar [[r.DetailMode:2]]
[2021.04.25-17.36.44:814][  0]LogConfig: Setting CVar [[r.TranslucencyVolumeBlur:1]]
[2021.04.25-17.36.44:814][  0]LogConfig: Setting CVar [[r.MaterialQualityLevel:1 ; High quality]]
[2021.04.25-17.36.44:814][  0]LogConfig: Setting CVar [[r.SSS.Scale:1]]
[2021.04.25-17.36.44:814][  0]LogConfig: Setting CVar [[r.SSS.SampleSet:2]]
[2021.04.25-17.36.44:814][  0]LogConfig: Setting CVar [[r.SSS.Quality:1]]
[2021.04.25-17.36.44:814][  0]LogConfig: Setting CVar [[r.SSS.HalfRes:1]]
[2021.04.25-17.36.44:814][  0]LogConfig: Setting CVar [[r.EmitterSpawnRateScale:1.0]]
[2021.04.25-17.36.44:814][  0]LogConfig: Setting CVar [[r.ParticleLightQuality:2]]
[2021.04.25-17.36.44:814][  0]LogConfig: Applying CVar settings from Section [FoliageQuality@3] File [C:/Program Files/Epic Games/UE_4.22/Projects/Depthplode/Saved/Config/Windows/Scalability.ini]
[2021.04.25-17.36.44:814][  0]LogConfig: Setting CVar [[foliage.DensityScale:1.0]]
[2021.04.25-17.36.44:814][  0]LogConfig: Setting CVar [[grass.DensityScale:1.0]]
[2021.04.25-17.36.44:814][  0]LogInit: Selected Device Profile: [Windows]
[2021.04.25-17.36.44:814][  0]LogInit: Applying CVar settings loaded from the selected device profile: [Windows]
[2021.04.25-17.36.44:818][  0]LogHAL: Display: Platform has ~ 16 GB [17109602304 / 17179869184 / 16], which maps to Larger [LargestMinGB=32, LargerMinGB=12, DefaultMinGB=8, SmallerMinGB=6, SmallestMinGB=0)
[2021.04.25-17.36.44:818][  0]LogInit: Going up to parent DeviceProfile []
[2021.04.25-17.36.44:818][  0]LogConfig: Applying CVar settings from Section [ViewDistanceQuality@3] File [C:/Program Files/Epic Games/UE_4.22/Projects/Depthplode/Saved/Config/Windows/Scalability.ini]
[2021.04.25-17.36.44:818][  0]LogConfig: Setting CVar [[r.SkeletalMeshLODBias:0]]
[2021.04.25-17.36.44:818][  0]LogConfig: Setting CVar [[r.ViewDistanceScale:1.0]]
[2021.04.25-17.36.44:818][  0]LogConfig: Applying CVar settings from Section [AntiAliasingQuality@3] File [C:/Program Files/Epic Games/UE_4.22/Projects/Depthplode/Saved/Config/Windows/Scalability.ini]
[2021.04.25-17.36.44:818][  0]LogConfig: Setting CVar [[r.PostProcessAAQuality:4]]
[2021.04.25-17.36.44:818][  0]LogConfig: Applying CVar settings from Section [ShadowQuality@3] File [C:/Program Files/Epic Games/UE_4.22/Projects/Depthplode/Saved/Config/Windows/Scalability.ini]
[2021.04.25-17.36.44:818][  0]LogConfig: Setting CVar [[r.LightFunctionQuality:1]]
[2021.04.25-17.36.44:818][  0]LogConfig: Setting CVar [[r.ShadowQuality:5]]
[2021.04.25-17.36.44:818][  0]LogConfig: Setting CVar [[r.Shadow.CSM.MaxCascades:10]]
[2021.04.25-17.36.44:818][  0]LogConfig: Setting CVar [[r.Shadow.MaxResolution:2048]]
[2021.04.25-17.36.44:818][  0]LogConfig: Setting CVar [[r.Shadow.MaxCSMResolution:2048]]
[2021.04.25-17.36.44:818][  0]LogConfig: Setting CVar [[r.Shadow.RadiusThreshold:0.01]]
[2021.04.25-17.36.44:818][  0]LogConfig: Setting CVar [[r.Shadow.DistanceScale:1.0]]
[2021.04.25-17.36.44:818][  0]LogConfig: Setting CVar [[r.Shadow.CSM.TransitionScale:1.0]]
[2021.04.25-17.36.44:818][  0]LogConfig: Setting CVar [[r.Shadow.PreShadowResolutionFactor:1.0]]
[2021.04.25-17.36.44:818][  0]LogConfig: Setting CVar [[r.DistanceFieldShadowing:1]]
[2021.04.25-17.36.44:818][  0]LogConfig: Setting CVar [[r.DistanceFieldAO:1]]
[2021.04.25-17.36.44:818][  0]LogConfig: Setting CVar [[r.AOQuality:2]]
[2021.04.25-17.36.44:818][  0]LogConfig: Setting CVar [[r.VolumetricFog:1]]
[2021.04.25-17.36.44:818][  0]LogConfig: Setting CVar [[r.VolumetricFog.GridPixelSize:8]]
[2021.04.25-17.36.44:818][  0]LogConfig: Setting CVar [[r.VolumetricFog.GridSizeZ:128]]
[2021.04.25-17.36.44:818][  0]LogConfig: Setting CVar [[r.VolumetricFog.HistoryMissSupersampleCount:4]]
[2021.04.25-17.36.44:818][  0]LogConfig: Setting CVar [[r.LightMaxDrawDistanceScale:1]]
[2021.04.25-17.36.44:818][  0]LogConfig: Setting CVar [[r.CapsuleShadows:1]]
[2021.04.25-17.36.44:818][  0]LogConfig: Applying CVar settings from Section [PostProcessQuality@3] File [C:/Program Files/Epic Games/UE_4.22/Projects/Depthplode/Saved/Config/Windows/Scalability.ini]
[2021.04.25-17.36.44:818][  0]LogConfig: Setting CVar [[r.MotionBlurQuality:4]]
[2021.04.25-17.36.44:818][  0]LogConfig: Setting CVar [[r.AmbientOcclusionMipLevelFactor:0.4]]
[2021.04.25-17.36.44:818][  0]LogConfig: Setting CVar [[r.AmbientOcclusionMaxQuality:100]]
[2021.04.25-17.36.44:818][  0]LogConfig: Setting CVar [[r.AmbientOcclusionLevels:-1]]
[2021.04.25-17.36.44:818][  0]LogConfig: Setting CVar [[r.AmbientOcclusionRadiusScale:1.0]]
[2021.04.25-17.36.44:818][  0]LogConfig: Setting CVar [[r.DepthOfFieldQuality:2]]
[2021.04.25-17.36.44:818][  0]LogConfig: Setting CVar [[r.RenderTargetPoolMin:400]]
[2021.04.25-17.36.44:818][  0]LogConfig: Setting CVar [[r.LensFlareQuality:2]]
[2021.04.25-17.36.44:819][  0]LogConfig: Setting CVar [[r.SceneColorFringeQuality:1]]
[2021.04.25-17.36.44:819][  0]LogConfig: Setting CVar [[r.EyeAdaptationQuality:2]]
[2021.04.25-17.36.44:819][  0]LogConfig: Setting CVar [[r.BloomQuality:5]]
[2021.04.25-17.36.44:819][  0]LogConfig: Setting CVar [[r.FastBlurThreshold:100]]
[2021.04.25-17.36.44:819][  0]LogConfig: Setting CVar [[r.Upscale.Quality:3]]
[2021.04.25-17.36.44:819][  0]LogConfig: Setting CVar [[r.Tonemapper.GrainQuantization:1]]
[2021.04.25-17.36.44:819][  0]LogConfig: Setting CVar [[r.LightShaftQuality:1]]
[2021.04.25-17.36.44:819][  0]LogConfig: Setting CVar [[r.Filter.SizeScale:1]]
[2021.04.25-17.36.44:819][  0]LogConfig: Setting CVar [[r.Tonemapper.Quality:5]]
[2021.04.25-17.36.44:819][  0]LogConfig: Setting CVar [[r.DOF.Gather.AccumulatorQuality:1        ; higher gathering accumulator quality]]
[2021.04.25-17.36.44:819][  0]LogConfig: Setting CVar [[r.DOF.Gather.PostfilterMethod:1          ; Median3x3 postfilering method]]
[2021.04.25-17.36.44:819][  0]LogConfig: Setting CVar [[r.DOF.Gather.EnableBokehSettings:0       ; no bokeh simulation when gathering]]
[2021.04.25-17.36.44:819][  0]LogConfig: Setting CVar [[r.DOF.Gather.RingCount:4                 ; medium number of samples when gathering]]
[2021.04.25-17.36.44:819][  0]LogConfig: Setting CVar [[r.DOF.Scatter.ForegroundCompositing:1    ; additive foreground scattering]]
[2021.04.25-17.36.44:819][  0]LogConfig: Setting CVar [[r.DOF.Scatter.BackgroundCompositing:2    ; additive background scattering]]
[2021.04.25-17.36.44:819][  0]LogConfig: Setting CVar [[r.DOF.Scatter.EnableBokehSettings:1      ; bokeh simulation when scattering]]
[2021.04.25-17.36.44:819][  0]LogConfig: Setting CVar [[r.DOF.Scatter.MaxSpriteRatio:0.1         ; only a maximum of 10% of scattered bokeh]]
[2021.04.25-17.36.44:819][  0]LogConfig: Setting CVar [[r.DOF.Recombine.Quality:1                ; cheap slight out of focus]]
[2021.04.25-17.36.44:819][  0]LogConfig: Setting CVar [[r.DOF.Recombine.EnableBokehSettings:0    ; no bokeh simulation on slight out of focus]]
[2021.04.25-17.36.44:819][  0]LogConfig: Setting CVar [[r.DOF.TemporalAAQuality:1                ; more stable temporal accumulation]]
[2021.04.25-17.36.44:819][  0]LogConfig: Setting CVar [[r.DOF.Kernel.MaxForegroundRadius:0.025]]
[2021.04.25-17.36.44:819][  0]LogConfig: Setting CVar [[r.DOF.Kernel.MaxBackgroundRadius:0.025]]
[2021.04.25-17.36.44:819][  0]LogConfig: Applying CVar settings from Section [TextureQuality@3] File [C:/Program Files/Epic Games/UE_4.22/Projects/Depthplode/Saved/Config/Windows/Scalability.ini]
[2021.04.25-17.36.44:819][  0]LogConfig: Setting CVar [[r.Streaming.MipBias:0]]
[2021.04.25-17.36.44:819][  0]LogConfig: Setting CVar [[r.Streaming.AmortizeCPUToGPUCopy:0]]
[2021.04.25-17.36.44:819][  0]LogConfig: Setting CVar [[r.Streaming.MaxNumTexturesToStreamPerFrame:0]]
[2021.04.25-17.36.44:819][  0]LogConfig: Setting CVar [[r.Streaming.Boost:1]]
[2021.04.25-17.36.44:819][  0]LogConfig: Setting CVar [[r.MaxAnisotropy:8]]
[2021.04.25-17.36.44:819][  0]LogConfig: Setting CVar [[r.Streaming.LimitPoolSizeToVRAM:0]]
[2021.04.25-17.36.44:819][  0]LogConfig: Setting CVar [[r.Streaming.PoolSize:1000]]
[2021.04.25-17.36.44:819][  0]LogConfig: Setting CVar [[r.Streaming.MaxEffectiveScreenSize:0]]
[2021.04.25-17.36.44:819][  0]LogConfig: Applying CVar settings from Section [EffectsQuality@3] File [C:/Program Files/Epic Games/UE_4.22/Projects/Depthplode/Saved/Config/Windows/Scalability.ini]
[2021.04.25-17.36.44:819][  0]LogConfig: Setting CVar [[r.TranslucencyLightingVolumeDim:64]]
[2021.04.25-17.36.44:819][  0]LogConfig: Setting CVar [[r.RefractionQuality:2]]
[2021.04.25-17.36.44:819][  0]LogConfig: Setting CVar [[r.SSR.Quality:3]]
[2021.04.25-17.36.44:819][  0]LogConfig: Setting CVar [[r.SceneColorFormat:4]]
[2021.04.25-17.36.44:819][  0]LogConfig: Setting CVar [[r.DetailMode:2]]
[2021.04.25-17.36.44:819][  0]LogConfig: Setting CVar [[r.TranslucencyVolumeBlur:1]]
[2021.04.25-17.36.44:819][  0]LogConfig: Setting CVar [[r.MaterialQualityLevel:1 ; High quality]]
[2021.04.25-17.36.44:819][  0]LogConfig: Setting CVar [[r.SSS.Scale:1]]
[2021.04.25-17.36.44:819][  0]LogConfig: Setting CVar [[r.SSS.SampleSet:2]]
[2021.04.25-17.36.44:819][  0]LogConfig: Setting CVar [[r.SSS.Quality:1]]
[2021.04.25-17.36.44:819][  0]LogConfig: Setting CVar [[r.SSS.HalfRes:1]]
[2021.04.25-17.36.44:819][  0]LogConfig: Setting CVar [[r.EmitterSpawnRateScale:1.0]]
[2021.04.25-17.36.44:819][  0]LogConfig: Setting CVar [[r.ParticleLightQuality:2]]
[2021.04.25-17.36.44:819][  0]LogConfig: Applying CVar settings from Section [FoliageQuality@3] File [C:/Program Files/Epic Games/UE_4.22/Projects/Depthplode/Saved/Config/Windows/Scalability.ini]
[2021.04.25-17.36.44:819][  0]LogConfig: Setting CVar [[foliage.DensityScale:1.0]]
[2021.04.25-17.36.44:819][  0]LogConfig: Setting CVar [[grass.DensityScale:1.0]]
[2021.04.25-17.36.44:819][  0]LogConfig: Applying CVar settings from Section [Startup] File [../../../Engine/Config/ConsoleVariables.ini]
[2021.04.25-17.36.44:820][  0]LogConfig: Setting CVar [[net.UseAdaptiveNetUpdateFrequency:0]]
[2021.04.25-17.36.44:820][  0]LogConfig: Setting CVar [[p.chaos.AllowCreatePhysxBodies:1]]
[2021.04.25-17.36.44:820][  0]LogConfig: Applying CVar settings from Section [ConsoleVariables] File [C:/Program Files/Epic Games/UE_4.22/Projects/Depthplode/Saved/Config/Windows/Engine.ini]
[2021.04.25-17.36.44:820][  0]LogInit: Computer: DESKTOP-7CMCLJE
[2021.04.25-17.36.44:820][  0]LogInit: User: haako
[2021.04.25-17.36.44:820][  0]LogInit: CPU Page size=4096, Cores=6
[2021.04.25-17.36.44:820][  0]LogInit: High frequency timer resolution =10.000000 MHz
[2021.04.25-17.36.44:820][  0]LogMemory: Memory total: Physical=15.9GB (16GB approx)
[2021.04.25-17.36.44:820][  0]LogMemory: Platform Memory Stats for Windows
[2021.04.25-17.36.44:820][  0]LogMemory: Process Physical Memory: 101.96 MB used, 101.96 MB peak
[2021.04.25-17.36.44:820][  0]LogMemory: Process Virtual Memory: 101.63 MB used, 101.63 MB peak
[2021.04.25-17.36.44:820][  0]LogMemory: Physical Memory: 10675.53 MB used,  5641.46 MB free, 16316.99 MB total
[2021.04.25-17.36.44:820][  0]LogMemory: Virtual Memory: 4686.47 MB used,  134213040.00 MB free, 134217728.00 MB total
[2021.04.25-17.36.44:823][  0]LogWindows: WindowsPlatformFeatures enabled
[2021.04.25-17.36.44:859][  0]LogInit: Using OS detected language (nb-NO).
[2021.04.25-17.36.44:859][  0]LogInit: Using OS detected locale (nb-NO).
[2021.04.25-17.36.44:860][  0]LogTextLocalizationManager: No localization for 'nb-NO' exists, so 'en' will be used for the language.
[2021.04.25-17.36.44:860][  0]LogTextLocalizationManager: No localization for 'nb-NO' exists, so 'en' will be used for the locale.
[2021.04.25-17.36.45:072][  0]LogSlate: New Slate User Created.  User Index 0, Is Virtual User: 0
[2021.04.25-17.36.45:072][  0]LogSlate: Slate User Registered.  User Index 0, Is Virtual User: 0
[2021.04.25-17.36.45:087][  0]LogD3D11RHI: D3D11 adapters:
[2021.04.25-17.36.45:201][  0]LogD3D11RHI:    0. 'NVIDIA GeForce RTX 2080' (Feature Level 11_0)
[2021.04.25-17.36.45:201][  0]LogD3D11RHI:       8010/0/8158 MB DedicatedVideo/DedicatedSystem/SharedSystem, Outputs:2, VendorId:0x10de
[2021.04.25-17.36.45:203][  0]LogD3D11RHI:    1. 'Microsoft Basic Render Driver' (Feature Level 11_0)
[2021.04.25-17.36.45:203][  0]LogD3D11RHI:       0/0/8158 MB DedicatedVideo/DedicatedSystem/SharedSystem, Outputs:0, VendorId:0x1414
[2021.04.25-17.36.45:203][  0]LogD3D11RHI: Chosen D3D11 Adapter: 0
[2021.04.25-17.36.45:212][  0]LogD3D11RHI: Creating new Direct3DDevice
[2021.04.25-17.36.45:212][  0]LogD3D11RHI:     GPU DeviceId: 0x1e87 (for the marketing name, search the web for "GPU Device Id")
[2021.04.25-17.36.45:212][  0]LogWindows: EnumDisplayDevices:
[2021.04.25-17.36.45:212][  0]LogWindows:    0. 'NVIDIA GeForce RTX 2080' (P:1 D:1)
[2021.04.25-17.36.45:212][  0]LogWindows:    1. 'NVIDIA GeForce RTX 2080' (P:0 D:1)
[2021.04.25-17.36.45:213][  0]LogWindows:    2. 'NVIDIA GeForce RTX 2080' (P:0 D:0)
[2021.04.25-17.36.45:213][  0]LogWindows:    3. 'NVIDIA GeForce RTX 2080' (P:0 D:0)
[2021.04.25-17.36.45:213][  0]LogWindows: DebugString: FoundDriverCount:4 
[2021.04.25-17.36.45:213][  0]LogD3D11RHI:     Adapter Name: NVIDIA GeForce RTX 2080
[2021.04.25-17.36.45:213][  0]LogD3D11RHI:   Driver Version: 466.11 (internal:27.21.14.6611, unified:466.11)
[2021.04.25-17.36.45:213][  0]LogD3D11RHI:      Driver Date: 4-12-2021
[2021.04.25-17.36.45:213][  0]LogRHI: Texture pool is 5607 MB (70% of 8010 MB)
[2021.04.25-17.36.45:313][  0]LogD3D11RHI: Async texture creation enabled
[2021.04.25-17.36.45:329][  0]LogD3D11RHI: GPU Timing Frequency: 1000.000000 (Debug: 2 1)
[2021.04.25-17.36.45:629][  0]LogTemp: Display: Module 'WindowsClientTargetPlatform' loaded TargetPlatform 'WindowsClient'
[2021.04.25-17.36.45:640][  0]LogTemp: Display: Module 'WindowsNoEditorTargetPlatform' loaded TargetPlatform 'WindowsNoEditor'
[2021.04.25-17.36.45:651][  0]LogTemp: Display: Module 'WindowsServerTargetPlatform' loaded TargetPlatform 'WindowsServer'
[2021.04.25-17.36.45:657][  0]LogTemp: Display: Module 'WindowsTargetPlatform' loaded TargetPlatform 'Windows'
[2021.04.25-17.36.45:657][  0]LogTargetPlatformManager: Display: Building Assets For Windows
[2021.04.25-17.36.45:667][  0]LogAudioDebug: Display: Lib vorbis DLL was dynamically loaded.
[2021.04.25-17.36.45:723][  0]LogShaderCompilers: Guid format shader working directory is 6 characters bigger than the processId version (../../../../UE_4.22/Projects/Depthplode/Intermediate/Shaders/WorkingDirectory/19240/).
[2021.04.25-17.36.45:724][  0]LogShaderCompilers: Cleaned the shader compiler working directory 'C:/Users/haako/AppData/Local/Temp/UnrealShaderWorkingDir/DA1720EC41132B6AA5D3DC93043DFF17/'.
[2021.04.25-17.36.45:727][  0]LogXGEController: Cannot use XGE Controller as Incredibuild is not installed on this machine.
[2021.04.25-17.36.45:727][  0]LogShaderCompilers: Cannot use XGE Shader Compiler as Incredibuild is not installed on this machine.
[2021.04.25-17.36.45:727][  0]LogShaderCompilers: Display: Using Local Shader Compiler.
[2021.04.25-17.36.46:360][  0]LogDerivedDataCache: Display: Max Cache Size: 512 MB
[2021.04.25-17.36.46:406][  0]LogDerivedDataCache: Loaded boot cache 0.05s 76MB C:/Users/haako/AppData/Local/UnrealEngine/4.23/DerivedDataCache/Boot.ddc.
[2021.04.25-17.36.46:406][  0]LogDerivedDataCache: Display: Loaded Boot cache: C:/Users/haako/AppData/Local/UnrealEngine/4.23/DerivedDataCache/Boot.ddc
[2021.04.25-17.36.46:406][  0]LogDerivedDataCache: FDerivedDataBackendGraph:  Pak pak cache file ../../../../UE_4.22/Projects/Depthplode/DerivedDataCache/DDC.ddp not found, will not use a pak cache.
[2021.04.25-17.36.46:406][  0]LogDerivedDataCache: Unable to find inner node Pak for hierarchical cache Hierarchy.
[2021.04.25-17.36.46:406][  0]LogDerivedDataCache: FDerivedDataBackendGraph:  CompressedPak pak cache file ../../../../UE_4.22/Projects/Depthplode/DerivedDataCache/Compressed.ddp not found, will not use a pak cache.
[2021.04.25-17.36.46:406][  0]LogDerivedDataCache: Unable to find inner node CompressedPak for hierarchical cache Hierarchy.
[2021.04.25-17.36.46:418][  0]LogDerivedDataCache: Display: Pak cache opened for reading ../../../Engine/DerivedDataCache/Compressed.ddp.
[2021.04.25-17.36.46:418][  0]LogDerivedDataCache: FDerivedDataBackendGraph:  EnterprisePak pak cache file ../../../Enterprise/DerivedDataCache/Compressed.ddp not found, will not use a pak cache.
[2021.04.25-17.36.46:418][  0]LogDerivedDataCache: Unable to find inner node EnterprisePak for hierarchical cache Hierarchy.
[2021.04.25-17.36.46:420][  0]LogDerivedDataCache: Using Local data cache path C:/Users/haako/AppData/Local/UnrealEngine/Common/DerivedDataCache: Writable
[2021.04.25-17.36.46:420][  0]LogDerivedDataCache: Shared data cache path not found in *engine.ini, will not use an Shared cache.
[2021.04.25-17.36.46:420][  0]LogDerivedDataCache: Unable to find inner node Shared for hierarchical cache Hierarchy.
[2021.04.25-17.36.46:444][  0]LogMaterial: Verifying Global Shaders for PCD3D_SM5
[2021.04.25-17.36.46:448][  0]LogSlate: Using FreeType 2.6.0
[2021.04.25-17.36.46:449][  0]LogSlate: SlateFontServices - WITH_FREETYPE: 1, WITH_HARFBUZZ: 1
[2021.04.25-17.36.46:552][  0]LogInit: Using OS detected language (nb-NO).
[2021.04.25-17.36.46:552][  0]LogInit: Using OS detected locale (nb-NO).
[2021.04.25-17.36.46:552][  0]LogTextLocalizationManager: No localization for 'nb-NO' exists, so 'en' will be used for the language.
[2021.04.25-17.36.46:552][  0]LogTextLocalizationManager: No localization for 'nb-NO' exists, so 'en' will be used for the locale.
[2021.04.25-17.36.46:553][  0]LogTextLocalizationManager: Compacting localization data took   0.00ms
[2021.04.25-17.36.46:559][  0]LogAssetRegistry: FAssetRegistry took 0.0021 seconds to start up
[2021.04.25-17.36.46:778][  0]LogPackageLocalizationCache: Processed 10 localized package path(s) for 1 prioritized culture(s) in 0.000624 seconds
[2021.04.25-17.36.46:835][  0]LogInit: Selected Device Profile: [Windows]
[2021.04.25-17.36.46:972][  0]LogMeshReduction: Using QuadricMeshReduction for automatic static mesh reduction
[2021.04.25-17.36.46:972][  0]LogMeshReduction: Using SimplygonMeshReduction for automatic skeletal mesh reduction
[2021.04.25-17.36.46:972][  0]LogMeshReduction: Using ProxyLODMeshReduction for automatic mesh merging
[2021.04.25-17.36.46:972][  0]LogMeshReduction: No distributed automatic mesh merging module available
[2021.04.25-17.36.46:972][  0]LogMeshMerging: No distributed automatic mesh merging module available
[2021.04.25-17.36.46:982][  0]LogNetVersion: Depthplode 1.0.0, NetCL: 8386587, EngineNetVer: 11, GameNetVer: 0 (Checksum: 109011638)
[2021.04.25-17.36.47:490][  0]LogMoviePlayer: Initializing movie player
[2021.04.25-17.36.47:580][  0]LogTcpMessaging: Initializing TcpMessaging bridge
[2021.04.25-17.36.47:581][  0]LogUdpMessaging: Initializing bridge on interface 0.0.0.0:0 to multicast group 230.0.0.1:6666.
[2021.04.25-17.36.47:612][  0]SourceControl: Source control is disabled
[2021.04.25-17.36.47:612][  0]SourceControl: Source control is disabled
[2021.04.25-17.36.47:613][  0]SourceControl: Source control is disabled
[2021.04.25-17.36.47:653][  0]LogAndroidPermission: UAndroidPermissionCallbackProxy::GetInstance
[2021.04.25-17.36.47:843][  0]LogUObjectArray: 48638 objects as part of root set at end of initial load.
[2021.04.25-17.36.47:843][  0]LogUObjectAllocator: 8570832 out of 0 bytes used by permanent object pool.
[2021.04.25-17.36.47:843][  0]LogUObjectArray: CloseDisregardForGC: 0/0 objects in disregard for GC pool
[2021.04.25-17.36.47:906][  0]LogEngine: Initializing Engine...
[2021.04.25-17.36.47:908][  0]LogStats: UGameplayTagsManager::InitializeManager -  0.000 s
[2021.04.25-17.36.48:073][  0]LogInit: Initializing FReadOnlyCVARCache
[2021.04.25-17.36.48:109][  0]LogInit: XAudio2 using 'Høyttalere (Realtek(R) Audio)' : 2 channels at 48 kHz using 32 bits per sample (channel mask 0x3)
[2021.04.25-17.36.48:130][  0]LogInit: FAudioDevice initialized.
[2021.04.25-17.36.48:131][  0]LogNetVersion: Set ProjectVersion to 1.0.0.0. Version Checksum will be recalculated on next use.
[2021.04.25-17.36.48:132][  0]LogInit: Texture streaming: Enabled
[2021.04.25-17.36.48:305][  0]LogSlate: Updating window title bar state: overlay mode, drag disabled, window buttons hidden, title bar hidden
[2021.04.25-17.36.48:305][  0]LogInit: Display: Game Engine Initialized.
[2021.04.25-17.36.48:321][  0]LogInit: Display: Starting Game.
[2021.04.25-17.36.48:321][  0]LogNet: Browse: /Game/Maps/Main_M?Name=Player
[2021.04.25-17.36.48:321][  0]LogLoad: LoadMap: /Game/Maps/Main_M?Name=Player
[2021.04.25-17.36.48:321][  0]LogWorld: BeginTearingDown for /Temp/Untitled_0
[2021.04.25-17.36.48:322][  0]LogWorld: UWorld::CleanupWorld for Untitled, bSessionEnded=true, bCleanupResources=true
[2021.04.25-17.36.48:355][  0]LogUObjectHash: Compacting FUObjectHashTables data took   1.61ms
[2021.04.25-17.36.48:755][  0]LogAIModule: Creating AISystem for world Main_M
[2021.04.25-17.36.48:755][  0]LogLoad: Game class is 'Main_GM_C'
[2021.04.25-17.36.48:757][  0]LogWorld: Bringing World /Game/Maps/Main_M.Main_M up for play (max tick rate 0) at 2021.04.25-19.36.48
[2021.04.25-17.36.48:758][  0]LogWorld: Bringing up level for play took: 0.001685
[2021.04.25-17.36.48:758][  0]LogSpawn: Warning: SpawnActor failed because no class was specified
[2021.04.25-17.36.48:766][  0]LogLoad: Took 0.444670 seconds to LoadMap(/Game/Maps/Main_M)
[2021.04.25-17.36.48:802][  0]LogRenderer: Reallocating scene render targets to support 1280x720 Format 10 NumSamples 1 (Frame:1).
[2021.04.25-17.36.48:802][  0]LogLoad: (Engine Initialization) Total time: 5.23 seconds
[2021.04.25-17.36.48:802][  0]LogLoad: (Engine Initialization) Total Blueprint compile time: 0.00 seconds
[2021.04.25-17.36.48:829][  0]LogContentStreaming: Texture pool size now 1000 MB
[2021.04.25-17.36.48:842][  1]LogScript: Warning: Script Msg: Divide by zero detected: 510.000000 / 0
Script call stack:
	Function /Game/Blueprints/Character/CameraMan.CameraMan_C:ReceiveTick
	Function /Game/Blueprints/Character/CameraMan.CameraMan_C:ExecuteUbergraph_CameraMan

[2021.04.25-17.36.48:999][  2]LogScript: Warning: Script Msg: Divide by zero detected: 480.652039 / 0
Script call stack:
	Function /Game/Blueprints/Character/CameraMan.CameraMan_C:ReceiveTick
	Function /Game/Blueprints/Character/CameraMan.CameraMan_C:ExecuteUbergraph_CameraMan

[2021.04.25-17.37.54:481][ 47]LogWindowsDesktop: Alt-F4 pressed!
[2021.04.25-17.37.54:489][ 47]LogSlate: Window 'Depthplode (64-bit Development PCD3D_SM5) ' being destroyed
[2021.04.25-17.37.54:490][ 47]LogWindowsTextInputMethodSystem: Display: IME system now deactivated.
[2021.04.25-17.37.54:496][ 47]LogWindowsTextInputMethodSystem: Display: IME system now deactivated.
[2021.04.25-17.37.54:497][ 47]LogSlate: Updating window title bar state: overlay mode, drag disabled, window buttons hidden, title bar hidden
[2021.04.25-17.37.54:497][ 47]LogEngine: All Windows Closed
[2021.04.25-17.37.54:497][ 47]LogWindows: FPlatformMisc::RequestExit(0)
[2021.04.25-17.37.54:501][ 48]LogWorld: BeginTearingDown for /Game/Maps/Main_M
[2021.04.25-17.37.54:502][ 48]LogWorld: UWorld::CleanupWorld for Main_M, bSessionEnded=true, bCleanupResources=true
[2021.04.25-17.37.54:942][ 48]LogExit: Preparing to exit.
[2021.04.25-17.37.54:942][ 48]LogMoviePlayer: Shutting down movie player
[2021.04.25-17.37.55:622][ 48]LogSlate: Updating window title bar state: overlay mode, drag disabled, window buttons hidden, title bar hidden
[2021.04.25-17.37.55:628][ 48]LogDemo: Cleaned up 0 splitscreen connections with owner deletion
[2021.04.25-17.37.55:634][ 48]LogExit: Game engine shut down
[2021.04.25-17.37.55:704][ 48]LogExit: Object subsystem successfully closed.
[2021.04.25-17.37.55:728][ 48]LogShaderCompilers: Display: Shaders left to compile 0
[2021.04.25-17.37.55:744][ 48]LogModuleManager: Shutting down and abandoning module SequenceRecorderSections (398)
[2021.04.25-17.37.55:744][ 48]LogModuleManager: Shutting down and abandoning module SequenceRecorder (396)
[2021.04.25-17.37.55:744][ 48]LogModuleManager: Shutting down and abandoning module AutomationController (394)
[2021.04.25-17.37.55:744][ 48]LogModuleManager: Shutting down and abandoning module AutomationWorker (392)
[2021.04.25-17.37.55:744][ 48]LogModuleManager: Shutting down and abandoning module Voice (390)
[2021.04.25-17.37.55:744][ 48]LogModuleManager: Shutting down and abandoning module AIModule (388)
[2021.04.25-17.37.55:744][ 48]LogModuleManager: Shutting down and abandoning module GameplayDebugger (387)
[2021.04.25-17.37.55:744][ 48]LogModuleManager: Shutting down and abandoning module AITestSuite (385)
[2021.04.25-17.37.55:745][ 48]LogModuleManager: Shutting down and abandoning module NavigationSystem (383)
[2021.04.25-17.37.55:745][ 48]LogModuleManager: Shutting down and abandoning module WmfMediaFactory (380)
[2021.04.25-17.37.55:745][ 48]LogModuleManager: Shutting down and abandoning module WebMMediaFactory (378)
[2021.04.25-17.37.55:745][ 48]LogModuleManager: Shutting down and abandoning module WebMMedia (376)
[2021.04.25-17.37.55:745][ 48]LogModuleManager: Shutting down and abandoning module OpenExrWrapper (374)
[2021.04.25-17.37.55:745][ 48]LogModuleManager: Shutting down and abandoning module ImgMediaFactory (372)
[2021.04.25-17.37.55:745][ 48]LogModuleManager: Shutting down and abandoning module AvfMediaFactory (370)
[2021.04.25-17.37.55:745][ 48]LogModuleManager: Shutting down and abandoning module MagicLeapCameraPreviewFactory (368)
[2021.04.25-17.37.55:745][ 48]LogModuleManager: Shutting down and abandoning module MagicLeapMediaCodecFactory (366)
[2021.04.25-17.37.55:745][ 48]LogModuleManager: Shutting down and abandoning module MagicLeapMediaFactory (364)
[2021.04.25-17.37.55:745][ 48]LogModuleManager: Shutting down and abandoning module CharacterAI (362)
[2021.04.25-17.37.55:745][ 48]LogModuleManager: Shutting down and abandoning module SessionServices (360)
[2021.04.25-17.37.55:745][ 48]LogModuleManager: Shutting down and abandoning module MovieSceneCapture (358)
[2021.04.25-17.37.55:745][ 48]LogModuleManager: Shutting down and abandoning module LiveCoding (356)
[2021.04.25-17.37.55:745][ 48]LogModuleManager: Shutting down and abandoning module LevelSequence (354)
[2021.04.25-17.37.55:745][ 48]LogModuleManager: Shutting down and abandoning module MovieSceneTracks (352)
[2021.04.25-17.37.55:745][ 48]LogModuleManager: Shutting down and abandoning module MovieScene (350)
[2021.04.25-17.37.55:745][ 48]LogModuleManager: Shutting down and abandoning module StreamingPauseRendering (348)
[2021.04.25-17.37.55:745][ 48]LogModuleManager: Shutting down and abandoning module PortalServices (346)
[2021.04.25-17.37.55:745][ 48]LogModuleManager: Shutting down and abandoning module PortalRpc (344)
[2021.04.25-17.37.55:745][ 48]LogModuleManager: Shutting down and abandoning module MessagingRpc (342)
[2021.04.25-17.37.55:745][ 48]LogModuleManager: Shutting down and abandoning module ImageWriteQueue (340)
[2021.04.25-17.37.55:747][ 48]LogModuleManager: Shutting down and abandoning module ProfilerService (338)
[2021.04.25-17.37.55:957][ 48]LogModuleManager: Shutting down and abandoning module TaskGraph (336)
[2021.04.25-17.37.55:957][ 48]LogModuleManager: Shutting down and abandoning module ProceduralMeshComponent (334)
[2021.04.25-17.37.55:957][ 48]LogModuleManager: Shutting down and abandoning module MobilePatchingUtils (332)
[2021.04.25-17.37.55:957][ 48]LogModuleManager: Shutting down and abandoning module EditableMesh (330)
[2021.04.25-17.37.55:957][ 48]LogModuleManager: Shutting down and abandoning module CustomMeshComponent (328)
[2021.04.25-17.37.55:957][ 48]LogModuleManager: Shutting down and abandoning module CableComponent (326)
[2021.04.25-17.37.55:957][ 48]LogModuleManager: Shutting down and abandoning module AudioCapture (324)
[2021.04.25-17.37.55:957][ 48]LogModuleManager: Shutting down and abandoning module ArchVisCharacter (322)
[2021.04.25-17.37.55:957][ 48]LogModuleManager: Shutting down and abandoning module AppleImageUtilsBlueprintSupport (320)
[2021.04.25-17.37.55:957][ 48]LogModuleManager: Shutting down and abandoning module AppleImageUtils (318)
[2021.04.25-17.37.55:957][ 48]LogModuleManager: Shutting down and abandoning module AndroidPermission (316)
[2021.04.25-17.37.55:957][ 48]LogModuleManager: Shutting down and abandoning module NUTUnrealEngine4 (314)
[2021.04.25-17.37.55:957][ 48]LogModuleManager: Shutting down and abandoning module NetcodeUnitTest (312)
[2021.04.25-17.37.55:957][ 48]LogModuleManager: Shutting down and abandoning module MediaCompositing (310)
[2021.04.25-17.37.55:957][ 48]LogModuleManager: Shutting down and abandoning module ImgMedia (308)
[2021.04.25-17.37.55:957][ 48]LogModuleManager: Shutting down and abandoning module MagicLeapHelperVulkan (306)
[2021.04.25-17.37.55:957][ 48]LogModuleManager: Shutting down and abandoning module MagicLeapHelperOpenGL (304)
[2021.04.25-17.37.55:957][ 48]LogModuleManager: Shutting down and abandoning module MagicLeapAudio (302)
[2021.04.25-17.37.55:957][ 48]LogModuleManager: Shutting down and abandoning module HTML5Networking (300)
[2021.04.25-17.37.55:957][ 48]LogModuleManager: Shutting down and abandoning module GeometryCacheTracks (298)
[2021.04.25-17.37.55:957][ 48]LogModuleManager: Shutting down and abandoning module GeometryCacheSequencer (297)
[2021.04.25-17.37.55:957][ 48]LogModuleManager: Shutting down and abandoning module GeometryCache (294)
[2021.04.25-17.37.55:957][ 48]LogModuleManager: Shutting down and abandoning module GeometryCacheEd (293)
[2021.04.25-17.37.55:957][ 48]LogModuleManager: Shutting down and abandoning module BackChannel (290)
[2021.04.25-17.37.55:957][ 48]LogModuleManager: Shutting down and abandoning module AutomationUtils (288)
[2021.04.25-17.37.55:958][ 48]LogModuleManager: Shutting down and abandoning module VariantManagerContent (286)
[2021.04.25-17.37.55:958][ 48]LogModuleManager: Shutting down and abandoning module CryptoKeysOpenSSL (284)
[2021.04.25-17.37.55:958][ 48]LogModuleManager: Shutting down and abandoning module CryptoKeys (282)
[2021.04.25-17.37.55:958][ 48]LogModuleManager: Shutting down and abandoning module VisualStudioSourceCodeAccess (280)
[2021.04.25-17.37.55:958][ 48]LogModuleManager: Shutting down and abandoning module HotReload (279)
[2021.04.25-17.37.55:958][ 48]LogModuleManager: Shutting down and abandoning module DirectoryWatcher (278)
[2021.04.25-17.37.55:958][ 48]LogModuleManager: Shutting down and abandoning module VisualStudioCodeSourceCodeAccess (274)
[2021.04.25-17.37.55:958][ 48]LogModuleManager: Shutting down and abandoning module UObjectPlugin (272)
[2021.04.25-17.37.55:958][ 48]LogModuleManager: Shutting down and abandoning module SubversionSourceControl (270)
[2021.04.25-17.37.55:958][ 48]LogModuleManager: Shutting down and abandoning module PerforceSourceControl (268)
[2021.04.25-17.37.55:958][ 48]LogModuleManager: Shutting down and abandoning module SourceControl (267)
[2021.04.25-17.37.55:958][ 48]LogModuleManager: Shutting down and abandoning module CLionSourceCodeAccess (264)
[2021.04.25-17.37.55:958][ 48]LogModuleManager: Shutting down and abandoning module ActorLayerUtilities (262)
[2021.04.25-17.37.55:958][ 48]LogModuleManager: Shutting down and abandoning module SignificanceManager (260)
[2021.04.25-17.37.55:958][ 48]LogModuleManager: Shutting down and abandoning module RuntimePhysXCooking (258)
[2021.04.25-17.37.55:958][ 48]LogModuleManager: Shutting down and abandoning module PhysXVehiclesEditor (256)
[2021.04.25-17.37.55:958][ 48]LogModuleManager: Shutting down and abandoning module LocationServicesBPLibrary (252)
[2021.04.25-17.37.55:958][ 48]LogModuleManager: Shutting down and abandoning module ActorSequence (250)
[2021.04.25-17.37.55:958][ 48]LogModuleManager: Shutting down and abandoning module UdpMessaging (248)
[2021.04.25-17.37.56:060][ 48]LogModuleManager: Shutting down and abandoning module TcpMessaging (246)
[2021.04.25-17.37.56:160][ 48]LogModuleManager: Shutting down and abandoning module MagicLeapIdentity (244)
[2021.04.25-17.37.56:160][ 48]LogModuleManager: Shutting down and abandoning module MagicLeapSecureStorage (242)
[2021.04.25-17.37.56:160][ 48]LogModuleManager: Shutting down and abandoning module MagicLeapHandTracking (240)
[2021.04.25-17.37.56:160][ 48]LogModuleManager: Shutting down and abandoning module MagicLeapEyeTracker (238)
[2021.04.25-17.37.56:160][ 48]LogModuleManager: Shutting down and abandoning module MagicLeapController (236)
[2021.04.25-17.37.56:160][ 48]LogSlate: Slate User Destroyed.  User Index 0, Is Virtual User: 0
[2021.04.25-17.37.56:160][ 48]LogModuleManager: Shutting down and abandoning module MagicLeapAR (234)
[2021.04.25-17.37.56:160][ 48]LogModuleManager: Shutting down and abandoning module AugmentedReality (233)
[2021.04.25-17.37.56:160][ 48]LogModuleManager: Shutting down and abandoning module GameplayTagsEditor (230)
[2021.04.25-17.37.56:160][ 48]LogModuleManager: Shutting down and abandoning module FacialAnimation (228)
[2021.04.25-17.37.56:160][ 48]LogModuleManager: Shutting down and abandoning module AssetManagerEditor (226)
[2021.04.25-17.37.56:160][ 48]LogModuleManager: Shutting down and abandoning module TreeMap (225)
[2021.04.25-17.37.56:160][ 48]LogModuleManager: Shutting down and abandoning module AnimationSharing (222)
[2021.04.25-17.37.56:160][ 48]LogModuleManager: Shutting down and abandoning module LightPropagationVolumeRuntime (220)
[2021.04.25-17.37.56:160][ 48]LogModuleManager: Shutting down and abandoning module Paper2D (218)
[2021.04.25-17.37.56:160][ 48]LogModuleManager: Shutting down and abandoning module WindowsMoviePlayer (216)
[2021.04.25-17.37.56:162][ 48]LogModuleManager: Shutting down and abandoning module WebMMoviePlayer (214)
[2021.04.25-17.37.56:162][ 48]LogModuleManager: Shutting down and abandoning module NetworkReplayStreaming (212)
[2021.04.25-17.37.56:162][ 48]LogModuleManager: Shutting down and abandoning module PacketHandler (210)
[2021.04.25-17.37.56:162][ 48]LogModuleManager: Shutting down and abandoning module ClothingSystemEditor (208)
[2021.04.25-17.37.56:162][ 48]LogModuleManager: Shutting down and abandoning module ClothingSystemRuntime (206)
[2021.04.25-17.37.56:162][ 48]LogModuleManager: Shutting down and abandoning module MediaAssets (204)
[2021.04.25-17.37.56:162][ 48]LogModuleManager: Shutting down and abandoning module Overlay (202)
[2021.04.25-17.37.56:162][ 48]LogModuleManager: Shutting down and abandoning module OverlayEditor (201)
[2021.04.25-17.37.56:162][ 48]LogModuleManager: Shutting down and abandoning module VREditor (198)
[2021.04.25-17.37.56:162][ 48]LogModuleManager: Shutting down and abandoning module StringTableEditor (196)
[2021.04.25-17.37.56:162][ 48]LogModuleManager: Shutting down and abandoning module GameplayTasksEditor (194)
[2021.04.25-17.37.56:162][ 48]LogModuleManager: Shutting down and abandoning module BehaviorTreeEditor (192)
[2021.04.25-17.37.56:162][ 48]LogModuleManager: Shutting down and abandoning module FunctionalTesting (190)
[2021.04.25-17.37.56:162][ 48]LogModuleManager: Shutting down and abandoning module CollisionAnalyzer (188)
[2021.04.25-17.37.56:162][ 48]LogModuleManager: Shutting down and abandoning module WorkspaceMenuStructure (187)
[2021.04.25-17.37.56:162][ 48]LogModuleManager: Shutting down and abandoning module UMG (184)
[2021.04.25-17.37.56:162][ 48]LogModuleManager: Shutting down and abandoning module UMGEditor (183)
[2021.04.25-17.37.56:162][ 48]LogModuleManager: Shutting down and abandoning module Sequencer (182)
[2021.04.25-17.37.56:162][ 48]LogModuleManager: Shutting down and abandoning module MessageLog (179)
[2021.04.25-17.37.56:162][ 48]LogModuleManager: Shutting down and abandoning module SlateReflector (174)
[2021.04.25-17.37.56:162][ 48]LogModuleManager: Shutting down and abandoning module Slate (172)
[2021.04.25-17.37.56:162][ 48]LogModuleManager: Shutting down and abandoning module LandscapeEditorUtilities (170)
[2021.04.25-17.37.56:162][ 48]LogModuleManager: Shutting down and abandoning module EditorStyle (168)
[2021.04.25-17.37.56:163][ 48]LogModuleManager: Shutting down and abandoning module UnrealEd (166)
[2021.04.25-17.37.56:163][ 48]LogModuleManager: Shutting down and abandoning module MRMesh (164)
[2021.04.25-17.37.56:163][ 48]LogModuleManager: Shutting down and abandoning module Messaging (162)
[2021.04.25-17.37.56:163][ 48]LogModuleManager: Shutting down and abandoning module SourceCodeAccess (160)
[2021.04.25-17.37.56:163][ 48]LogModuleManager: Shutting down and abandoning module HeadMountedDisplay (158)
[2021.04.25-17.37.56:163][ 48]LogModuleManager: Shutting down and abandoning module XAudio2 (156)
[2021.04.25-17.37.56:163][ 48]LogModuleManager: Shutting down and abandoning module Networking (154)
[2021.04.25-17.37.56:163][ 48]LogModuleManager: Shutting down and abandoning module Core (152)
[2021.04.25-17.37.56:163][ 48]LogModuleManager: Shutting down and abandoning module KismetCompiler (150)
[2021.04.25-17.37.56:163][ 48]LogModuleManager: Shutting down and abandoning module MeshUtilities (148)
[2021.04.25-17.37.56:163][ 48]LogModuleManager: Shutting down and abandoning module MeshMergeUtilities (147)
[2021.04.25-17.37.56:163][ 48]LogModuleManager: Shutting down and abandoning module MeshReductionInterface (146)
[2021.04.25-17.37.56:163][ 48]LogModuleManager: Shutting down and abandoning module SkeletalMeshReduction (145)
[2021.04.25-17.37.56:163][ 48]LogModuleManager: Shutting down and abandoning module ProxyLODMeshReduction (143)
[2021.04.25-17.37.56:163][ 48]LogModuleManager: Shutting down and abandoning module QuadricMeshReduction (141)
[2021.04.25-17.37.56:163][ 48]LogModuleManager: Shutting down and abandoning module MaterialBaking (137)
[2021.04.25-17.37.56:163][ 48]LogModuleManager: Shutting down and abandoning module NullInstallBundleManager (132)
[2021.04.25-17.37.56:163][ 48]LogModuleManager: Shutting down and abandoning module PIEPreviewDeviceProfileSelector (130)
[2021.04.25-17.37.56:163][ 48]LogModuleManager: Shutting down and abandoning module DerivedDataCache (128)
[2021.04.25-17.37.56:490][ 48]LogDerivedDataCache: Shutdown
[2021.04.25-17.37.56:490][ 48]LogModuleManager: Shutting down and abandoning module XGEController (126)
[2021.04.25-17.37.56:490][ 48]LogModuleManager: Shutting down and abandoning module TargetPlatform (124)
[2021.04.25-17.37.56:490][ 48]LogModuleManager: Shutting down and abandoning module VulkanShaderFormat (123)
[2021.04.25-17.37.56:490][ 48]LogModuleManager: Shutting down and abandoning module ShaderFormatVectorVM (121)
[2021.04.25-17.37.56:490][ 48]LogModuleManager: Shutting down and abandoning module ShaderFormatOpenGL (119)
[2021.04.25-17.37.56:490][ 48]LogModuleManager: Shutting down and abandoning module ShaderFormatD3D (117)
[2021.04.25-17.37.56:491][ 48]LogModuleManager: Shutting down and abandoning module MetalShaderFormat (115)
[2021.04.25-17.37.56:491][ 48]LogModuleManager: Shutting down and abandoning module TextureFormatUncompressed (113)
[2021.04.25-17.37.56:491][ 48]LogModuleManager: Shutting down and abandoning module TextureFormatPVR (111)
[2021.04.25-17.37.56:491][ 48]LogModuleManager: Shutting down and abandoning module TextureFormatDXT (109)
[2021.04.25-17.37.56:491][ 48]LogModuleManager: Shutting down and abandoning module TextureFormatIntelISPCTexComp (107)
[2021.04.25-17.37.56:491][ 48]LogModuleManager: Shutting down and abandoning module TextureFormatASTC (105)
[2021.04.25-17.37.56:491][ 48]LogModuleManager: Shutting down and abandoning module ImageWrapper (104)
[2021.04.25-17.37.56:491][ 48]LogModuleManager: Shutting down and abandoning module TextureFormatAndroid (101)
[2021.04.25-17.37.56:491][ 48]LogModuleManager: Shutting down and abandoning module AudioFormatOpus (99)
[2021.04.25-17.37.56:491][ 48]LogModuleManager: Shutting down and abandoning module AudioFormatOgg (97)
[2021.04.25-17.37.56:491][ 48]LogModuleManager: Shutting down and abandoning module AudioFormatADPCM (95)
[2021.04.25-17.37.56:491][ 48]LogModuleManager: Shutting down and abandoning module WindowsTargetPlatform (93)
[2021.04.25-17.37.56:491][ 48]LogModuleManager: Shutting down and abandoning module WindowsServerTargetPlatform (91)
[2021.04.25-17.37.56:491][ 48]LogModuleManager: Shutting down and abandoning module WindowsNoEditorTargetPlatform (89)
[2021.04.25-17.37.56:491][ 48]LogModuleManager: Shutting down and abandoning module WindowsClientTargetPlatform (87)
[2021.04.25-17.37.56:491][ 48]LogModuleManager: Shutting down and abandoning module InputCore (84)
[2021.04.25-17.37.56:491][ 48]LogModuleManager: Shutting down and abandoning module Settings (82)
[2021.04.25-17.37.56:491][ 48]LogModuleManager: Shutting down and abandoning module PhysXCooking (80)
[2021.04.25-17.37.56:491][ 48]LogModuleManager: Shutting down and abandoning module WindowsPlatformFeatures (78)
[2021.04.25-17.37.56:491][ 48]LogModuleManager: Shutting down and abandoning module GameplayMediaEncoder (77)
[2021.04.25-17.37.56:491][ 48]LogModuleManager: Shutting down and abandoning module ExampleDeviceProfileSelector (74)
[2021.04.25-17.37.56:491][ 48]LogModuleManager: Shutting down and abandoning module LauncherChunkInstaller (72)
[2021.04.25-17.37.56:491][ 48]LogModuleManager: Shutting down and abandoning module OnlineBlueprintSupport (70)
[2021.04.25-17.37.56:491][ 48]LogModuleManager: Shutting down and abandoning module OnlineSubsystem (66)
[2021.04.25-17.37.56:492][ 48]LogModuleManager: Shutting down and abandoning module XMPP (61)
[2021.04.25-17.37.56:492][ 48]LogModuleManager: Shutting down and abandoning module WebSockets (60)
[2021.04.25-17.37.56:510][ 48]LogModuleManager: Shutting down and abandoning module HTTP (57)
[2021.04.25-17.37.56:531][ 48]LogModuleManager: Shutting down and abandoning module SSL (56)
[2021.04.25-17.37.56:532][ 48]LogModuleManager: Shutting down and abandoning module WmfMedia (52)
[2021.04.25-17.37.56:533][ 48]LogModuleManager: Shutting down and abandoning module Media (51)
[2021.04.25-17.37.56:533][ 48]LogModuleManager: Shutting down and abandoning module MagicLeap (48)
[2021.04.25-17.37.56:533][ 48]LogModuleManager: Shutting down and abandoning module DatasmithContent (46)
[2021.04.25-17.37.56:534][ 48]LogModuleManager: Shutting down and abandoning module AISupportModule (44)
[2021.04.25-17.37.56:534][ 48]LogModuleManager: Shutting down and abandoning module PlatformCryptoOpenSSL (42)
[2021.04.25-17.37.56:534][ 48]LogModuleManager: Shutting down and abandoning module PlatformCrypto (40)
[2021.04.25-17.37.56:534][ 48]LogModuleManager: Shutting down and abandoning module AnimationModifiers (38)
[2021.04.25-17.37.56:534][ 48]LogModuleManager: Shutting down and abandoning module PropertyEditor (37)
[2021.04.25-17.37.56:534][ 48]LogModuleManager: Shutting down and abandoning module AudioEditor (34)
[2021.04.25-17.37.56:534][ 48]LogModuleManager: Shutting down and abandoning module TextureCompressor (32)
[2021.04.25-17.37.56:534][ 48]LogModuleManager: Shutting down and abandoning module RenderCore (30)
[2021.04.25-17.37.56:534][ 48]LogModuleManager: Shutting down and abandoning module Landscape (28)
[2021.04.25-17.37.56:534][ 48]LogModuleManager: Shutting down and abandoning module SlateRHIRenderer (26)
[2021.04.25-17.37.56:535][ 48]LogModuleManager: Shutting down and abandoning module OpenGLDrv (24)
[2021.04.25-17.37.56:535][ 48]LogModuleManager: Shutting down and abandoning module D3D11RHI (22)
[2021.04.25-17.37.56:535][ 48]LogModuleManager: Shutting down and abandoning module AnimGraphRuntime (20)
[2021.04.25-17.37.56:535][ 48]LogModuleManager: Shutting down and abandoning module Renderer (18)
[2021.04.25-17.37.56:535][ 48]LogModuleManager: Shutting down and abandoning module Engine (16)
[2021.04.25-17.37.56:535][ 48]LogModuleManager: Shutting down and abandoning module CoreUObject (14)
[2021.04.25-17.37.56:535][ 48]LogModuleManager: Shutting down and abandoning module NetworkFile (12)
[2021.04.25-17.37.56:535][ 48]LogModuleManager: Shutting down and abandoning module CookedIterativeFile (10)
[2021.04.25-17.37.56:535][ 48]LogModuleManager: Shutting down and abandoning module StreamingFile (8)
[2021.04.25-17.37.56:535][ 48]LogModuleManager: Shutting down and abandoning module SandboxFile (6)
[2021.04.25-17.37.56:535][ 48]LogModuleManager: Shutting down and abandoning module PakFile (4)
[2021.04.25-17.37.56:535][ 48]LogModuleManager: Shutting down and abandoning module RSA (3)
[2021.04.25-17.37.56:535][ 48]LogD3D11RHI: Shutdown
[2021.04.25-17.37.56:535][ 48]LogD3D11RHI: CleanupD3DDevice
[2021.04.25-17.37.56:535][ 48]LogRendererCore: FGlobalDynamicReadBuffer::Cleanup()
[2021.04.25-17.37.56:536][ 48]LogRendererCore: FGlobalDynamicReadBuffer::Cleanup()
[2021.04.25-17.37.56:536][ 48]LogRendererCore: FGlobalDynamicReadBuffer::Cleanup()
[2021.04.25-17.37.56:579][ 48]LogD3D11RHI: ~FD3D11DynamicRHI
[2021.04.25-17.37.56:586][ 48]LogExit: Exiting.
[2021.04.25-17.37.56:593][ 48]Log file closed, 04/25/21 19:37:56
